#
# A fatal error has been detected by the Java Runtime Environment:
#
#  EXCEPTION_ACCESS_VIOLATION (0xc0000005) at pc=0x00007ffc09b68c7d, pid=7508, tid=16828
#
# JRE version: OpenJDK Runtime Environment (11.0.2+9) (build 11.0.2+9)
# Java VM: OpenJDK 64-Bit Server VM (11.0.2+9, mixed mode, tiered, compressed oops, g1 gc, windows-amd64)
# Problematic frame:
# C  0x00007ffc09b68c7d
#
# No core dump will be written. Minidumps are not enabled by default on client versions of Windows
#
# If you would like to submit a bug report, please visit:
#   http://bugreport.java.com/bugreport/crash.jsp
# The crash happened outside the Java Virtual Machine in native code.
# See problematic frame for where to report the bug.
#

---------------  S U M M A R Y ------------

Command Line: -Dsun.java2d.pmoffscreen=false -Dhttps.protocols=TLSv1,TLSv1.1,TLSv1.2 -Dsun.java2d.xrender=false -Dsun.java2d.d3d=false -Dsun.awt.nopixfmt=true -Dsun.java2d.dpiaware=true -Dsun.java2d.uiScale.enabled=false -Xverify:none -Dswing.aatext=true -XX:-UsePerfData -Djdk.map.althashing.threshold=512 -XX:StringTableSize=4072 --add-opens=java.base/java.nio=ALL-UNNAMED --add-opens=java.desktop/sun.swing=ALL-UNNAMED --add-opens=java.desktop/javax.swing=ALL-UNNAMED --add-opens=java.desktop/javax.swing.tree=ALL-UNNAMED --add-opens=java.desktop/javax.swing.plaf.basic=ALL-UNNAMED --add-opens=java.desktop/javax.swing.plaf.synth=ALL-UNNAMED --add-opens=java.desktop/com.sun.awt=ALL-UNNAMED -XX:NewSize=60m -XX:MaxNewSize=60m -Xms128m -Xmx3072m -Xss5m 

Host: Intel(R) Core(TM) i5-3570 CPU @ 3.40GHz, 4 cores, 5G,  Windows 10 , 64 bit Build 19041 (10.0.19041.1348)
Time: Fri Dec 10 20:44:08 2021 대한민국 표준시 elapsed time: 284870 seconds (3d 7h 7m 50s)

---------------  T H R E A D  ---------------

Current thread (0x0000028e3642e000):  JavaThread "AWT-EventQueue-0" [_thread_in_native, id=16828, stack(0x000000f22ff00000,0x000000f230400000)]

Stack: [0x000000f22ff00000,0x000000f230400000],  sp=0x000000f2303fc1b0,  free space=5104k
Native frames: (J=compiled Java code, j=interpreted, Vv=VM code, C=native code)
C  0x00007ffc09b68c7d
C  0x00007ffc09ba865d
C  0x00007ffc0d7b6726
C  0x00007ffc0da79028
C  0x0000028e615eac2d

Java frames: (J=compiled Java code, j=interpreted, Vv=VM code)
J 17069  ui.data.labtools.lthwdatai.HWDevice_getStatus(J)Ljava/lang/String; (0 bytes) @ 0x0000028e615eab91 [0x0000028e615eab40+0x0000000000000051]
J 28607 c1 ui.dlg.s.ag.fOi()V (320 bytes) @ 0x0000028e5c038a64 [0x0000028e5c036e60+0x0000000000001c04]
J 28606 c1 ui.dlg.s.ag.av(Lui/data/bq;)V (25 bytes) @ 0x0000028e59c890f4 [0x0000028e59c88d20+0x00000000000003d4]
J 31802 c1 ui.dlg.c.bm.ax(Lui/data/bq;)V (51 bytes) @ 0x0000028e5c358234 [0x0000028e5c357dc0+0x0000000000000474]
J 26883 c1 ui.views.cY.aOD()V (331 bytes) @ 0x0000028e5bdc9eb4 [0x0000028e5bdc8ee0+0x0000000000000fd4]
J 26963 c1 ui.views.cY.iUg()V (56 bytes) @ 0x0000028e593f5e3c [0x0000028e593f5500+0x000000000000093c]
J 33287 c1 ui.views.cY.dV(Ljava/util/Collection;)V (264 bytes) @ 0x0000028e5a7cfee4 [0x0000028e5a7cd260+0x0000000000002c84]
j  ui.views.cY.eh(Ljava/lang/Object;)V+12
j  ui.views.cc.eh(Ljava/lang/Object;)V+2
J 25475 c1 ui.data.u.a(Lui/data/ae;Lui/frmwork/a/l;)V (2398 bytes) @ 0x0000028e5bcc4f0c [0x0000028e5bcb79e0+0x000000000000d52c]
J 25474 c1 ui.data.ad.handleTclEvent(Lui/frmwork/a/l;)V (9 bytes) @ 0x0000028e5a853a7c [0x0000028e5a8539e0+0x000000000000009c]
J 28395 c2 ui.frmwork.E.i(JZ)V (471 bytes) @ 0x0000028e62687584 [0x0000028e62685d00+0x0000000000001884]
J 22474 c1 ui.frmwork.E$$Lambda$203.run()V (12 bytes) @ 0x0000028e59b30ddc [0x0000028e59b30d00+0x00000000000000dc]
J 14081 c2 java.awt.event.InvocationEvent.dispatch()V java.desktop@11.0.2 (69 bytes) @ 0x0000028e610ed4e8 [0x0000028e610ed440+0x00000000000000a8]
J 15107 c2 java.awt.EventQueue$4.run()Ljava/lang/Object; java.desktop@11.0.2 (5 bytes) @ 0x0000028e60fc2f9c [0x0000028e60fc2ee0+0x00000000000000bc]
v  ~StubRoutines::call_stub
J 4300  java.security.AccessController.doPrivileged(Ljava/security/PrivilegedAction;Ljava/security/AccessControlContext;)Ljava/lang/Object; java.base@11.0.2 (0 bytes) @ 0x0000028e60987636 [0x0000028e609875c0+0x0000000000000076]
J 33762 c2 ui.frmwork.a.d.dispatchEvent(Ljava/awt/AWTEvent;)V (42 bytes) @ 0x0000028e62dbacc0 [0x0000028e62dba7c0+0x0000000000000500]
J 20035% c2 java.awt.EventDispatchThread.pumpEventsForFilter(ILjava/awt/Conditional;Ljava/awt/EventFilter;)V java.desktop@11.0.2 (47 bytes) @ 0x0000028e618a5130 [0x0000028e618a4d80+0x00000000000003b0]
j  java.awt.EventDispatchThread.pumpEventsForHierarchy(ILjava/awt/Conditional;Ljava/awt/Component;)V+11 java.desktop@11.0.2
j  java.awt.EventDispatchThread.pumpEvents(ILjava/awt/Conditional;)V+4 java.desktop@11.0.2
j  java.awt.EventDispatchThread.pumpEvents(Ljava/awt/Conditional;)V+3 java.desktop@11.0.2
j  java.awt.EventDispatchThread.run()V+9 java.desktop@11.0.2
v  ~StubRoutines::call_stub

siginfo: EXCEPTION_ACCESS_VIOLATION (0xc0000005), reading address 0x0000000000000008


Register to memory mapping:

RIP=0x00007ffc09b68c7d points into unknown readable memory: 48 8b 5f
RAX=0x000000f2303fc240 is pointing into the stack for thread: 0x0000028e3642e000
RBX=0x0000028eb3115a50 points into unknown readable memory: 30 0c dd 09 fc 7f 00 00
RCX=0x0000028ecd1396e0 points into unknown readable memory: 73 6b 74 6f 70 2f 66 69
RDX=0x0000000000000030 is an unknown value
RSP=0x000000f2303fc1b0 is pointing into the stack for thread: 0x0000028e3642e000
RBP=0x0 is NULL
RSI=0x0000028ecd1396e0 points into unknown readable memory: 73 6b 74 6f 70 2f 66 69
RDI=0x0 is NULL
R8 =0x0 is NULL
R9 =0x0 is NULL
R10=0x0000000000008000 is an unknown value
R11=0x000000f2303fc1a0 is pointing into the stack for thread: 0x0000028e3642e000
R12=0x0 is NULL
R13=0x0000000000000007 is an unknown value
R14=0x0 is NULL
R15=0x0000028e3642e000 is a thread


Registers:
RAX=0x000000f2303fc240, RBX=0x0000028eb3115a50, RCX=0x0000028ecd1396e0, RDX=0x0000000000000030
RSP=0x000000f2303fc1b0, RBP=0x0000000000000000, RSI=0x0000028ecd1396e0, RDI=0x0000000000000000
R8 =0x0000000000000000, R9 =0x0000000000000000, R10=0x0000000000008000, R11=0x000000f2303fc1a0
R12=0x0000000000000000, R13=0x0000000000000007, R14=0x0000000000000000, R15=0x0000028e3642e000
RIP=0x00007ffc09b68c7d, EFLAGS=0x0000000000010202

Top of Stack: (sp=0x000000f2303fc1b0)
0x000000f2303fc1b0:   0000000754d9ce70 000000f2303fc240
0x000000f2303fc1c0:   000000f2303fc3f0 0000000740800210
0x000000f2303fc1d0:   fffffffffffffffe 00656c62616d6d61
0x000000f2303fc1e0:   0000028e3642e340 0000028eb3115a50
0x000000f2303fc1f0:   00000007484363e8 00007ffc09ba865d
0x000000f2303fc200:   0000028eb3115a50 0000028e00000030
0x000000f2303fc210:   000000f2303fc3f0 0000028e60baf6c0
0x000000f2303fc220:   fffffffffffffffe 0000028eb3115a50
0x000000f2303fc230:   000000f2303fc2e0 00007ffc0d7b6726
0x000000f2303fc240:   0000000700000030 000000f200000030
0x000000f2303fc250:   000000f2303fc3f0 0000000740847618
0x000000f2303fc260:   0000000700000001 fffffffffffffffe
0x000000f2303fc270:   0000028e284c78f0 00007ffc0da79028
0x000000f2303fc280:   0000028eb3115a50 000000f2303fc2e0
0x000000f2303fc290:   0000000000000001 0000028e60a909f4
0x000000f2303fc2a0:   0000028e3642e340 fffffffffffffffe 

Instructions: (pc=0x00007ffc09b68c7d)
0x00007ffc09b68c5d:   c7 44 24 20 fe ff ff ff 48 89 5c 24 50 48 89 6c
0x00007ffc09b68c6d:   24 60 41 0f b6 e9 45 8b f0 48 8b f1 48 8b 79 08
0x00007ffc09b68c7d:   48 8b 5f 08 48 8b c7 80 7b 19 00 75 2e 66 0f 1f
0x00007ffc09b68c8d:   44 00 00 48 8d 4b 20 48 8d 54 24 58 e8 72 a8 ff 


Stack slot to memory mapping:
stack at sp + 0 slots: 0x0000000754d9ce70 is an oop: javax.swing.text.DefaultCaret$1 
{0x0000000754d9ce70} - klass: 'javax/swing/text/DefaultCaret$1'
stack at sp + 1 slots: 0x000000f2303fc240 is pointing into the stack for thread: 0x0000028e3642e000
stack at sp + 2 slots: 0x000000f2303fc3f0 is pointing into the stack for thread: 0x0000028e3642e000
stack at sp + 3 slots: 0x0000000740800210 is an oop: sun.awt.windows.WToolkit 
{0x0000000740800210} - klass: 'sun/awt/windows/WToolkit'
stack at sp + 4 slots: 0xfffffffffffffffe is an unknown value
stack at sp + 5 slots: 0x00656c62616d6d61 is an unknown value
stack at sp + 6 slots: 0x0000028e3642e340 points into unknown readable memory: a0 1c cb 5f fc 7f 00 00
stack at sp + 7 slots: 0x0000028eb3115a50 points into unknown readable memory: 30 0c dd 09 fc 7f 00 00


---------------  P R O C E S S  ---------------

Threads class SMR info:
_java_thread_list=0x0000028ef6ad4950, length=71, elements={
0x0000028e2e3c8800, 0x0000028e2e53c000, 0x0000028e372c9000, 0x0000028e2e23d000,
0x0000028e2e281000, 0x0000028e2e45f800, 0x0000028e374fa000, 0x0000028e374fa800,
0x0000028e36428800, 0x0000028e36429000, 0x0000028e3642b000, 0x0000028e3642d000,
0x0000028e3642b800, 0x0000028e36427800, 0x0000028e3642e000, 0x0000028e1599f000,
0x0000028e159a0800, 0x0000028e1599d800, 0x0000028e1599c800, 0x0000028e159a1800,
0x0000028e1599e000, 0x0000028e159a9000, 0x0000028e1599b800, 0x0000028e159a7000,
0x0000028e159a4000, 0x0000028e159a6800, 0x0000028e3642c800, 0x0000028e3642a000,
0x0000028e1b15b800, 0x0000028e1b15d000, 0x0000028e1b15d800, 0x0000028e1b15f800,
0x0000028e1b15e800, 0x0000028e1b162000, 0x0000028e1b160000, 0x0000028e1b15c000,
0x0000028e1b167800, 0x0000028e1b163800, 0x0000028e1b16a000, 0x0000028e1599b000,
0x0000028e0bd29000, 0x0000028e0bd23000, 0x0000028e0bd29800, 0x0000028e0bd25800,
0x0000028e0bd24800, 0x0000028e0bd28000, 0x0000028e0bd26800, 0x0000028e0bd2d800,
0x0000028e0bd30000, 0x0000028e0bd2a800, 0x0000028e0bd31800, 0x0000028e0bd32800,
0x0000028e0bd36800, 0x0000028e0bd37800, 0x0000028e0bd2c000, 0x0000028e0bd2d000,
0x0000028e0bd3a000, 0x0000028e0bd3b800, 0x0000028ecf0b6000, 0x0000028ecf0b5000,
0x0000028ecf0b4800, 0x0000028ecf0bc800, 0x0000028ecf0ba000, 0x0000028ecf0bb800,
0x0000028ecf0b6800, 0x0000028ecf0c4000, 0x0000028ecf0c4800, 0x0000028ecf0c6000,
0x0000028ecf0c1800, 0x0000028ecf0bf000, 0x0000028ecf0c8000
}

Java Threads: ( => current thread )
  0x0000028e2e3c8800 JavaThread "main" [_thread_blocked, id=4676, stack(0x000000f22a100000,0x000000f22a200000)]
  0x0000028e2e53c000 JavaThread "Reference Handler" daemon [_thread_blocked, id=8808, stack(0x000000f22c000000,0x000000f22c500000)]
  0x0000028e372c9000 JavaThread "Finalizer" daemon [_thread_blocked, id=26756, stack(0x000000f22c500000,0x000000f22ca00000)]
  0x0000028e2e23d000 JavaThread "Signal Dispatcher" daemon [_thread_blocked, id=13416, stack(0x000000f22ca00000,0x000000f22cf00000)]
  0x0000028e2e281000 JavaThread "Attach Listener" daemon [_thread_blocked, id=24404, stack(0x000000f22cf00000,0x000000f22d400000)]
  0x0000028e2e45f800 JavaThread "C2 CompilerThread0" daemon [_thread_blocked, id=5280, stack(0x000000f22d400000,0x000000f22d500000)]
  0x0000028e374fa000 JavaThread "C1 CompilerThread0" daemon [_thread_blocked, id=19388, stack(0x000000f22d500000,0x000000f22d600000)]
  0x0000028e374fa800 JavaThread "Sweeper thread" daemon [_thread_blocked, id=5284, stack(0x000000f22d600000,0x000000f22db00000)]
  0x0000028e36428800 JavaThread "Common-Cleaner" daemon [_thread_blocked, id=5764, stack(0x000000f22db00000,0x000000f22e000000)]
  0x0000028e36429000 JavaThread "Service Thread" daemon [_thread_blocked, id=7560, stack(0x000000f22e000000,0x000000f22e500000)]
  0x0000028e3642b000 JavaThread "Java2D Disposer" daemon [_thread_blocked, id=24500, stack(0x000000f22e600000,0x000000f22eb00000)]
  0x0000028e3642d000 JavaThread "AWT-Windows" daemon [_thread_in_native, id=12252, stack(0x000000f22f000000,0x000000f22f500000)]
  0x0000028e3642b800 JavaThread "TimerQueue" daemon [_thread_blocked, id=18532, stack(0x000000f22eb00000,0x000000f22f000000)]
  0x0000028e36427800 JavaThread "AWT-Shutdown" [_thread_blocked, id=27404, stack(0x000000f22fa00000,0x000000f22ff00000)]
=>0x0000028e3642e000 JavaThread "AWT-EventQueue-0" [_thread_in_native, id=16828, stack(0x000000f22ff00000,0x000000f230400000)]
  0x0000028e1599f000 JavaThread "Thread-1" [_thread_in_native, id=23248, stack(0x000000f22a200000,0x000000f22b600000)]
  0x0000028e159a0800 JavaThread "Process Messages Thread" [_thread_blocked, id=21500, stack(0x000000f230c00000,0x000000f231100000)]
  0x0000028e1599d800 JavaThread "Batik CleanerThread" daemon [_thread_blocked, id=6324, stack(0x000000f230400000,0x000000f230900000)]
  0x0000028e1599c800 JavaThread "SyntheticaCleanerThread" daemon [_thread_blocked, id=18308, stack(0x000000f231700000,0x000000f231c00000)]
  0x0000028e159a1800 JavaThread "SyntheticaAnimation 50" daemon [_thread_blocked, id=25432, stack(0x000000f232400000,0x000000f232900000)]
  0x0000028e1599e000 JavaThread "SyntheticaAnimation 25" daemon [_thread_blocked, id=12944, stack(0x000000f232900000,0x000000f232e00000)]
  0x0000028e159a9000 JavaThread "SyntheticaAnimation 70" daemon [_thread_blocked, id=19040, stack(0x000000f232e00000,0x000000f233300000)]
  0x0000028e1599b800 JavaThread "Refresh Filesets Swing Worker Thread" [_thread_blocked, id=24176, stack(0x000000f22f500000,0x000000f22fa00000)]
  0x0000028e159a7000 JavaThread "hw_ila_monitor" [_thread_blocked, id=16008, stack(0x000000f233300000,0x000000f233800000)]
  0x0000028e159a4000 JavaThread "pool-2-thread-1" [_thread_blocked, id=3136, stack(0x000000f234200000,0x000000f234700000)]
  0x0000028e159a6800 JavaThread "pool-3-thread-1" [_thread_blocked, id=17332, stack(0x000000f234700000,0x000000f234c00000)]
  0x0000028e3642c800 JavaThread "pool-4-thread-1" [_thread_blocked, id=23984, stack(0x000000f234c00000,0x000000f235100000)]
  0x0000028e3642a000 JavaThread "pool-5-thread-1" [_thread_blocked, id=19132, stack(0x000000f235100000,0x000000f235600000)]
  0x0000028e1b15b800 JavaThread "pool-6-thread-1" [_thread_blocked, id=8956, stack(0x000000f235600000,0x000000f235b00000)]
  0x0000028e1b15d000 JavaThread "pool-7-thread-1" [_thread_blocked, id=28112, stack(0x000000f235b00000,0x000000f236000000)]
  0x0000028e1b15d800 JavaThread "pool-8-thread-1" [_thread_blocked, id=20824, stack(0x000000f236000000,0x000000f236500000)]
  0x0000028e1b15f800 JavaThread "pool-9-thread-1" [_thread_blocked, id=24024, stack(0x000000f236500000,0x000000f236a00000)]
  0x0000028e1b15e800 JavaThread "pool-10-thread-1" [_thread_blocked, id=17296, stack(0x000000f236a00000,0x000000f236f00000)]
  0x0000028e1b162000 JavaThread "pool-11-thread-1" [_thread_blocked, id=25588, stack(0x000000f236f00000,0x000000f237400000)]
  0x0000028e1b160000 JavaThread "pool-12-thread-1" [_thread_blocked, id=26972, stack(0x000000f237400000,0x000000f237900000)]
  0x0000028e1b15c000 JavaThread "pool-13-thread-1" [_thread_blocked, id=22388, stack(0x000000f237900000,0x000000f237e00000)]
  0x0000028e1b167800 JavaThread "Update Runs Swing Worker Thread" [_thread_blocked, id=13116, stack(0x000000f238300000,0x000000f238800000)]
  0x0000028e1b163800 JavaThread "Thread-39" [_thread_in_native, id=8092, stack(0x000000f237e00000,0x000000f237f00000)]
  0x0000028e1b16a000 JavaThread "Thread-42" [_thread_in_native, id=2560, stack(0x000000f237f00000,0x000000f238000000)]
  0x0000028e1599b000 JavaThread "SyntheticaAnimation 50" daemon [_thread_blocked, id=11856, stack(0x000000f231100000,0x000000f231600000)]
  0x0000028e0bd29000 JavaThread "Image Animator 0" daemon [_thread_blocked, id=23064, stack(0x000000f239f00000,0x000000f23a400000)]
  0x0000028e0bd23000 JavaThread "Thread-939" [_thread_in_native, id=7212, stack(0x000000f231c00000,0x000000f231d00000)]
  0x0000028e0bd29800 JavaThread "Thread-941" [_thread_in_native, id=12344, stack(0x000000f229f00000,0x000000f22a000000)]
  0x0000028e0bd25800 JavaThread "SyntheticaAnimation 50" daemon [_thread_blocked, id=18880, stack(0x000000f233800000,0x000000f233d00000)]
  0x0000028e0bd24800 JavaThread "Thread-6396" [_thread_in_native, id=588, stack(0x000000f229f00000,0x000000f22a000000)]
  0x0000028e0bd28000 JavaThread "Thread-6399" [_thread_in_native, id=26592, stack(0x000000f22a000000,0x000000f22a100000)]
  0x0000028e0bd26800 JavaThread "Thread-9669" [_thread_in_native, id=25340, stack(0x000000f229f00000,0x000000f22a000000)]
  0x0000028e0bd2d800 JavaThread "Thread-9671" [_thread_in_native, id=9252, stack(0x000000f22a000000,0x000000f22a100000)]
  0x0000028e0bd30000 JavaThread "Thread-18642" [_thread_in_native, id=28244, stack(0x000000f22a000000,0x000000f22a100000)]
  0x0000028e0bd2a800 JavaThread "Thread-18644" [_thread_in_native, id=23072, stack(0x000000f231c00000,0x000000f231d00000)]
  0x0000028e0bd31800 JavaThread "Thread-19446" [_thread_in_native, id=25676, stack(0x000000f22a000000,0x000000f22a100000)]
  0x0000028e0bd32800 JavaThread "Thread-19449" [_thread_in_native, id=23644, stack(0x000000f231c00000,0x000000f231d00000)]
  0x0000028e0bd36800 JavaThread "Thread-20108" [_thread_in_native, id=4740, stack(0x000000f231d00000,0x000000f231e00000)]
  0x0000028e0bd37800 JavaThread "Thread-20111" [_thread_in_native, id=15696, stack(0x000000f231c00000,0x000000f231d00000)]
  0x0000028e0bd2c000 JavaThread "Thread-22871" [_thread_in_native, id=16956, stack(0x000000f229f00000,0x000000f22a000000)]
  0x0000028e0bd2d000 JavaThread "Thread-25481" [_thread_in_native, id=24408, stack(0x000000f238100000,0x000000f238200000)]
  0x0000028e0bd3a000 JavaThread "Thread-33226" [_thread_in_native, id=15100, stack(0x000000f22a000000,0x000000f22a100000)]
  0x0000028e0bd3b800 JavaThread "Thread-33244" [_thread_in_native, id=16024, stack(0x000000f229f00000,0x000000f22a000000)]
  0x0000028ecf0b6000 JavaThread "Thread-34954" [_thread_in_native, id=6748, stack(0x000000f229e00000,0x000000f229f00000)]
  0x0000028ecf0b5000 JavaThread "Thread-34956" [_thread_in_native, id=17620, stack(0x000000f229f00000,0x000000f22a000000)]
  0x0000028ecf0b4800 JavaThread "Thread-35871" [_thread_in_native, id=28732, stack(0x000000f231c00000,0x000000f231d00000)]
  0x0000028ecf0bc800 JavaThread "Thread-35873" [_thread_in_native, id=14268, stack(0x000000f229f00000,0x000000f22a000000)]
  0x0000028ecf0ba000 JavaThread "Thread-40027" [_thread_in_native, id=28848, stack(0x000000f22a000000,0x000000f22a100000)]
  0x0000028ecf0bb800 JavaThread "Thread-40029" [_thread_in_native, id=17792, stack(0x000000f231c00000,0x000000f231d00000)]
  0x0000028ecf0b6800 JavaThread "Thread-41410" [_thread_in_native, id=16356, stack(0x000000f231c00000,0x000000f231d00000)]
  0x0000028ecf0c4000 JavaThread "Thread-73946" [_thread_in_native, id=16140, stack(0x000000f237f00000,0x000000f238000000)]
  0x0000028ecf0c4800 JavaThread "Thread-73948" [_thread_in_native, id=25544, stack(0x000000f22a000000,0x000000f22a100000)]
  0x0000028ecf0c6000 JavaThread "Thread-97307" [_thread_in_native, id=9924, stack(0x000000f229e00000,0x000000f229f00000)]
  0x0000028ecf0c1800 JavaThread "Thread-97309" [_thread_in_native, id=9292, stack(0x000000f231d00000,0x000000f231e00000)]
  0x0000028ecf0bf000 JavaThread "Remove Sources Thread" [_thread_blocked, id=18188, stack(0x000000f238900000,0x000000f238e00000)]
  0x0000028ecf0c8000 JavaThread "Image Animator 0" daemon [_thread_blocked, id=16664, stack(0x000000f239500000,0x000000f239a00000)]

Other Threads:
  0x0000028e34fed000 VMThread "VM Thread" [stack: 0x000000f22bf00000,0x000000f22c000000] [id=8852]
  0x0000028e33f49800 WatcherThread [stack: 0x000000f22e500000,0x000000f22e600000] [id=10024]
  0x0000028e36e16800 GCTaskThread "GC Thread#0" [stack: 0x000000f22ba00000,0x000000f22bb00000] [id=4796]
  0x0000028e15ad0800 GCTaskThread "GC Thread#1" [stack: 0x000000f230900000,0x000000f230a00000] [id=14784]
  0x0000028e158e8000 GCTaskThread "GC Thread#2" [stack: 0x000000f230a00000,0x000000f230b00000] [id=27148]
  0x0000028e159b1800 GCTaskThread "GC Thread#3" [stack: 0x000000f230b00000,0x000000f230c00000] [id=1968]
  0x0000028e12ea2800 ConcurrentGCThread "G1 Main Marker" [stack: 0x000000f22bb00000,0x000000f22bc00000] [id=29548]
  0x0000028e0f2cd000 ConcurrentGCThread "G1 Conc#0" [stack: 0x000000f22bc00000,0x000000f22bd00000] [id=15800]
  0x0000028e355fc800 ConcurrentGCThread "G1 Refine#0" [stack: 0x000000f22bd00000,0x000000f22be00000] [id=7912]
  0x0000028e17020000 ConcurrentGCThread "G1 Refine#1" [stack: 0x000000f231600000,0x000000f231700000] [id=22856]
  0x0000028e3432e800 ConcurrentGCThread "G1 Young RemSet Sampling" [stack: 0x000000f22be00000,0x000000f22bf00000] [id=23444]

Threads with active compile tasks:

VM state:not at safepoint (normal execution)

VM Mutex/Monitor currently owned by a thread: None

Heap address: 0x0000000740000000, size: 3072 MB, Compressed Oops mode: Zero based, Oop shift amount: 3
Narrow klass base: 0x0000000800000000, Narrow klass shift: 0
Compressed class space size: 1073741824 Address: 0x0000000800000000

Heap:
 garbage-first heap   total 362496K, used 197748K [0x0000000740000000, 0x0000000800000000)
  region size 1024K, 25 young (25600K), 3 survivors (3072K)
 Metaspace       used 105415K, capacity 106797K, committed 111056K, reserved 1144832K
  class space    used 13661K, capacity 14171K, committed 15768K, reserved 1048576K
Heap Regions: E=young(eden), S=young(survivor), O=old, HS=humongous(starts), HC=humongous(continues), CS=collection set, F=free, A=archive, TAMS=top-at-mark-start (previous, next)
|   0|0x0000000740000000, 0x0000000740100000, 0x0000000740100000|100%|HS|  |TAMS 0x0000000740000000, 0x0000000740000000| Untracked 
|   1|0x0000000740100000, 0x0000000740200000, 0x0000000740200000|100%|HC|  |TAMS 0x0000000740100000, 0x0000000740100000| Untracked 
|   2|0x0000000740200000, 0x0000000740300000, 0x0000000740300000|100%|HS|  |TAMS 0x0000000740200000, 0x0000000740200000| Untracked 
|   3|0x0000000740300000, 0x00000007403fffd8, 0x0000000740400000| 99%| O|  |TAMS 0x0000000740300000, 0x0000000740300000| Untracked 
|   4|0x0000000740400000, 0x0000000740500000, 0x0000000740500000|100%| O|  |TAMS 0x0000000740400000, 0x0000000740400000| Untracked 
|   5|0x0000000740500000, 0x00000007405fff28, 0x0000000740600000| 99%| O|  |TAMS 0x0000000740500000, 0x0000000740500000| Untracked 
|   6|0x0000000740600000, 0x00000007406ffff8, 0x0000000740700000| 99%| O|  |TAMS 0x0000000740600000, 0x0000000740600000| Untracked 
|   7|0x0000000740700000, 0x00000007407fffc0, 0x0000000740800000| 99%| O|  |TAMS 0x0000000740700000, 0x0000000740700000| Untracked 
|   8|0x0000000740800000, 0x00000007408ffff0, 0x0000000740900000| 99%| O|  |TAMS 0x0000000740800000, 0x0000000740800000| Untracked 
|   9|0x0000000740900000, 0x0000000740a00000, 0x0000000740a00000|100%| O|  |TAMS 0x0000000740900000, 0x0000000740900000| Untracked 
|  10|0x0000000740a00000, 0x0000000740ae4868, 0x0000000740b00000| 89%| O|  |TAMS 0x0000000740a00000, 0x0000000740a00000| Untracked 
|  11|0x0000000740b00000, 0x0000000740bfffe0, 0x0000000740c00000| 99%| O|  |TAMS 0x0000000740b00000, 0x0000000740b00000| Untracked 
|  12|0x0000000740c00000, 0x0000000740d00000, 0x0000000740d00000|100%| O|  |TAMS 0x0000000740c00000, 0x0000000740c00000| Untracked 
|  13|0x0000000740d00000, 0x0000000740dfb280, 0x0000000740e00000| 98%| O|  |TAMS 0x0000000740d00000, 0x0000000740d00000| Untracked 
|  14|0x0000000740e00000, 0x0000000740effff8, 0x0000000740f00000| 99%| O|  |TAMS 0x0000000740e00000, 0x0000000740e00000| Untracked 
|  15|0x0000000740f00000, 0x0000000741000000, 0x0000000741000000|100%| O|  |TAMS 0x0000000740f00000, 0x0000000740f00000| Untracked 
|  16|0x0000000741000000, 0x0000000741100000, 0x0000000741100000|100%| O|  |TAMS 0x0000000741000000, 0x0000000741000000| Untracked 
|  17|0x0000000741100000, 0x0000000741200000, 0x0000000741200000|100%| O|  |TAMS 0x0000000741100000, 0x0000000741100000| Untracked 
|  18|0x0000000741200000, 0x00000007412ffff8, 0x0000000741300000| 99%| O|  |TAMS 0x0000000741200000, 0x0000000741200000| Untracked 
|  19|0x0000000741300000, 0x00000007413ffff8, 0x0000000741400000| 99%| O|  |TAMS 0x0000000741300000, 0x0000000741300000| Untracked 
|  20|0x0000000741400000, 0x0000000741500000, 0x0000000741500000|100%| O|  |TAMS 0x0000000741400000, 0x0000000741400000| Untracked 
|  21|0x0000000741500000, 0x00000007415ffff8, 0x0000000741600000| 99%| O|  |TAMS 0x0000000741500000, 0x0000000741500000| Untracked 
|  22|0x0000000741600000, 0x0000000741700000, 0x0000000741700000|100%| O|  |TAMS 0x0000000741600000, 0x0000000741600000| Untracked 
|  23|0x0000000741700000, 0x00000007417ffff8, 0x0000000741800000| 99%| O|  |TAMS 0x0000000741700000, 0x0000000741700000| Untracked 
|  24|0x0000000741800000, 0x00000007418fffe8, 0x0000000741900000| 99%| O|  |TAMS 0x0000000741800000, 0x0000000741800000| Untracked 
|  25|0x0000000741900000, 0x00000007419ffff0, 0x0000000741a00000| 99%| O|  |TAMS 0x0000000741900000, 0x0000000741900000| Untracked 
|  26|0x0000000741a00000, 0x0000000741b00000, 0x0000000741b00000|100%| O|  |TAMS 0x0000000741a00000, 0x0000000741a00000| Untracked 
|  27|0x0000000741b00000, 0x0000000741bffff8, 0x0000000741c00000| 99%| O|  |TAMS 0x0000000741b00000, 0x0000000741b00000| Untracked 
|  28|0x0000000741c00000, 0x0000000741cffff8, 0x0000000741d00000| 99%| O|  |TAMS 0x0000000741c00000, 0x0000000741c00000| Untracked 
|  29|0x0000000741d00000, 0x0000000741dffec8, 0x0000000741e00000| 99%| O|  |TAMS 0x0000000741d00000, 0x0000000741d00000| Untracked 
|  30|0x0000000741e00000, 0x0000000741efffe0, 0x0000000741f00000| 99%| O|  |TAMS 0x0000000741e00000, 0x0000000741e00000| Untracked 
|  31|0x0000000741f00000, 0x0000000741fffff8, 0x0000000742000000| 99%| O|  |TAMS 0x0000000741f00000, 0x0000000741f00000| Untracked 
|  32|0x0000000742000000, 0x0000000742100000, 0x0000000742100000|100%| O|  |TAMS 0x0000000742000000, 0x0000000742000000| Untracked 
|  33|0x0000000742100000, 0x00000007421fffd8, 0x0000000742200000| 99%| O|  |TAMS 0x0000000742100000, 0x0000000742100000| Untracked 
|  34|0x0000000742200000, 0x00000007422ffed8, 0x0000000742300000| 99%| O|  |TAMS 0x0000000742200000, 0x0000000742200000| Untracked 
|  35|0x0000000742300000, 0x00000007423fcc40, 0x0000000742400000| 98%| O|  |TAMS 0x0000000742300000, 0x0000000742300000| Untracked 
|  36|0x0000000742400000, 0x00000007424fffe8, 0x0000000742500000| 99%| O|  |TAMS 0x0000000742400000, 0x0000000742400000| Untracked 
|  37|0x0000000742500000, 0x00000007425ffff0, 0x0000000742600000| 99%| O|  |TAMS 0x0000000742500000, 0x0000000742500000| Untracked 
|  38|0x0000000742600000, 0x0000000742700000, 0x0000000742700000|100%| O|  |TAMS 0x0000000742600000, 0x0000000742600000| Untracked 
|  39|0x0000000742700000, 0x00000007427ffff8, 0x0000000742800000| 99%| O|  |TAMS 0x0000000742700000, 0x0000000742700000| Untracked 
|  40|0x0000000742800000, 0x00000007428ffff0, 0x0000000742900000| 99%| O|  |TAMS 0x0000000742800000, 0x0000000742800000| Untracked 
|  41|0x0000000742900000, 0x00000007429ffff8, 0x0000000742a00000| 99%| O|  |TAMS 0x0000000742900000, 0x0000000742900000| Untracked 
|  42|0x0000000742a00000, 0x0000000742afff78, 0x0000000742b00000| 99%| O|  |TAMS 0x0000000742a00000, 0x0000000742a00000| Untracked 
|  43|0x0000000742b00000, 0x0000000742c00000, 0x0000000742c00000|100%| O|  |TAMS 0x0000000742b00000, 0x0000000742b00000| Untracked 
|  44|0x0000000742c00000, 0x0000000742cffff0, 0x0000000742d00000| 99%| O|  |TAMS 0x0000000742c00000, 0x0000000742c00000| Untracked 
|  45|0x0000000742d00000, 0x0000000742e00000, 0x0000000742e00000|100%| O|  |TAMS 0x0000000742d00000, 0x0000000742d00000| Untracked 
|  46|0x0000000742e00000, 0x0000000742efffe8, 0x0000000742f00000| 99%| O|  |TAMS 0x0000000742e00000, 0x0000000742e00000| Untracked 
|  47|0x0000000742f00000, 0x0000000742ffffe8, 0x0000000743000000| 99%| O|  |TAMS 0x0000000742f00000, 0x0000000742f00000| Untracked 
|  48|0x0000000743000000, 0x00000007430ffff8, 0x0000000743100000| 99%| O|  |TAMS 0x0000000743000000, 0x0000000743000000| Untracked 
|  49|0x0000000743100000, 0x0000000743200000, 0x0000000743200000|100%| O|  |TAMS 0x0000000743100000, 0x0000000743100000| Untracked 
|  50|0x0000000743200000, 0x00000007432ffff8, 0x0000000743300000| 99%| O|  |TAMS 0x0000000743200000, 0x0000000743200000| Untracked 
|  51|0x0000000743300000, 0x00000007433ffd88, 0x0000000743400000| 99%| O|  |TAMS 0x0000000743300000, 0x0000000743300000| Untracked 
|  52|0x0000000743400000, 0x00000007434ffae0, 0x0000000743500000| 99%| O|  |TAMS 0x0000000743400000, 0x0000000743400000| Untracked 
|  53|0x0000000743500000, 0x0000000743600000, 0x0000000743600000|100%| O|  |TAMS 0x0000000743500000, 0x0000000743500000| Untracked 
|  54|0x0000000743600000, 0x00000007436ffff0, 0x0000000743700000| 99%| O|  |TAMS 0x0000000743600000, 0x0000000743600000| Untracked 
|  55|0x0000000743700000, 0x00000007437ffff0, 0x0000000743800000| 99%| O|  |TAMS 0x0000000743700000, 0x0000000743700000| Untracked 
|  56|0x0000000743800000, 0x00000007438ffff0, 0x0000000743900000| 99%| O|  |TAMS 0x0000000743800000, 0x0000000743800000| Untracked 
|  57|0x0000000743900000, 0x00000007439ffff0, 0x0000000743a00000| 99%| O|  |TAMS 0x0000000743900000, 0x0000000743900000| Untracked 
|  58|0x0000000743a00000, 0x0000000743affff0, 0x0000000743b00000| 99%| O|  |TAMS 0x0000000743a00000, 0x0000000743a00000| Untracked 
|  59|0x0000000743b00000, 0x0000000743bfffe8, 0x0000000743c00000| 99%| O|  |TAMS 0x0000000743b00000, 0x0000000743b00000| Untracked 
|  60|0x0000000743c00000, 0x0000000743cfffd8, 0x0000000743d00000| 99%| O|  |TAMS 0x0000000743c00000, 0x0000000743c00000| Untracked 
|  61|0x0000000743d00000, 0x0000000743e00000, 0x0000000743e00000|100%| O|  |TAMS 0x0000000743d00000, 0x0000000743d00000| Untracked 
|  62|0x0000000743e00000, 0x0000000743effff0, 0x0000000743f00000| 99%| O|  |TAMS 0x0000000743e00000, 0x0000000743e00000| Untracked 
|  63|0x0000000743f00000, 0x0000000743fffdb0, 0x0000000744000000| 99%| O|  |TAMS 0x0000000743f00000, 0x0000000743f00000| Untracked 
|  64|0x0000000744000000, 0x0000000744100000, 0x0000000744100000|100%| O|  |TAMS 0x0000000744000000, 0x0000000744000000| Untracked 
|  65|0x0000000744100000, 0x00000007441ffff0, 0x0000000744200000| 99%| O|  |TAMS 0x0000000744100000, 0x0000000744100000| Untracked 
|  66|0x0000000744200000, 0x00000007442ffff8, 0x0000000744300000| 99%| O|  |TAMS 0x0000000744200000, 0x0000000744200000| Untracked 
|  67|0x0000000744300000, 0x00000007443fffa0, 0x0000000744400000| 99%| O|  |TAMS 0x0000000744300000, 0x0000000744300000| Untracked 
|  68|0x0000000744400000, 0x00000007444fff58, 0x0000000744500000| 99%| O|  |TAMS 0x0000000744400000, 0x0000000744400000| Untracked 
|  69|0x0000000744500000, 0x0000000744600000, 0x0000000744600000|100%| O|  |TAMS 0x0000000744500000, 0x0000000744500000| Untracked 
|  70|0x0000000744600000, 0x0000000744700000, 0x0000000744700000|100%| O|  |TAMS 0x0000000744600000, 0x0000000744600000| Untracked 
|  71|0x0000000744700000, 0x00000007447ffff8, 0x0000000744800000| 99%| O|  |TAMS 0x0000000744700000, 0x0000000744700000| Untracked 
|  72|0x0000000744800000, 0x0000000744900000, 0x0000000744900000|100%| O|  |TAMS 0x0000000744800000, 0x0000000744800000| Untracked 
|  73|0x0000000744900000, 0x00000007449ffff8, 0x0000000744a00000| 99%| O|  |TAMS 0x0000000744900000, 0x0000000744900000| Untracked 
|  74|0x0000000744a00000, 0x0000000744affff8, 0x0000000744b00000| 99%| O|  |TAMS 0x0000000744a00000, 0x0000000744a00000| Untracked 
|  75|0x0000000744b00000, 0x0000000744bffff8, 0x0000000744c00000| 99%| O|  |TAMS 0x0000000744b00000, 0x0000000744b00000| Untracked 
|  76|0x0000000744c00000, 0x0000000744d00000, 0x0000000744d00000|100%| O|  |TAMS 0x0000000744c00000, 0x0000000744c00000| Untracked 
|  77|0x0000000744d00000, 0x0000000744dffff8, 0x0000000744e00000| 99%| O|  |TAMS 0x0000000744d00000, 0x0000000744d00000| Untracked 
|  78|0x0000000744e00000, 0x0000000744efffe0, 0x0000000744f00000| 99%| O|  |TAMS 0x0000000744e00000, 0x0000000744e00000| Untracked 
|  79|0x0000000744f00000, 0x0000000744fffff8, 0x0000000745000000| 99%| O|  |TAMS 0x0000000744f00000, 0x0000000744f00000| Untracked 
|  80|0x0000000745000000, 0x00000007450fffa0, 0x0000000745100000| 99%| O|  |TAMS 0x0000000745000000, 0x0000000745000000| Untracked 
|  81|0x0000000745100000, 0x00000007451fff78, 0x0000000745200000| 99%| O|  |TAMS 0x0000000745100000, 0x0000000745100000| Untracked 
|  82|0x0000000745200000, 0x00000007452fffd0, 0x0000000745300000| 99%| O|  |TAMS 0x0000000745200000, 0x0000000745200000| Untracked 
|  83|0x0000000745300000, 0x00000007453fffe8, 0x0000000745400000| 99%| O|  |TAMS 0x0000000745300000, 0x0000000745300000| Untracked 
|  84|0x0000000745400000, 0x00000007454ffff8, 0x0000000745500000| 99%| O|  |TAMS 0x0000000745400000, 0x0000000745400000| Untracked 
|  85|0x0000000745500000, 0x00000007455ffec0, 0x0000000745600000| 99%| O|  |TAMS 0x0000000745500000, 0x0000000745500000| Untracked 
|  86|0x0000000745600000, 0x0000000745700000, 0x0000000745700000|100%| O|  |TAMS 0x0000000745600000, 0x0000000745600000| Untracked 
|  87|0x0000000745700000, 0x00000007457ffc28, 0x0000000745800000| 99%| O|  |TAMS 0x0000000745700000, 0x0000000745700000| Untracked 
|  88|0x0000000745800000, 0x00000007458fffe8, 0x0000000745900000| 99%| O|  |TAMS 0x0000000745800000, 0x0000000745800000| Untracked 
|  89|0x0000000745900000, 0x00000007459fffe8, 0x0000000745a00000| 99%| O|  |TAMS 0x0000000745900000, 0x0000000745900000| Untracked 
|  90|0x0000000745a00000, 0x0000000745afffe0, 0x0000000745b00000| 99%| O|  |TAMS 0x0000000745a00000, 0x0000000745a00000| Untracked 
|  91|0x0000000745b00000, 0x0000000745c00000, 0x0000000745c00000|100%| O|  |TAMS 0x0000000745b00000, 0x0000000745b00000| Untracked 
|  92|0x0000000745c00000, 0x0000000745cffff8, 0x0000000745d00000| 99%| O|  |TAMS 0x0000000745c00000, 0x0000000745c00000| Untracked 
|  93|0x0000000745d00000, 0x0000000745dfffd8, 0x0000000745e00000| 99%| O|  |TAMS 0x0000000745d00000, 0x0000000745d00000| Untracked 
|  94|0x0000000745e00000, 0x0000000745effff8, 0x0000000745f00000| 99%| O|  |TAMS 0x0000000745e00000, 0x0000000745e00000| Untracked 
|  95|0x0000000745f00000, 0x0000000745ffffe8, 0x0000000746000000| 99%| O|  |TAMS 0x0000000745f00000, 0x0000000745f00000| Untracked 
|  96|0x0000000746000000, 0x0000000746100000, 0x0000000746100000|100%| O|  |TAMS 0x0000000746000000, 0x0000000746000000| Untracked 
|  97|0x0000000746100000, 0x00000007461ffed8, 0x0000000746200000| 99%| O|  |TAMS 0x0000000746100000, 0x0000000746100000| Untracked 
|  98|0x0000000746200000, 0x0000000746300000, 0x0000000746300000|100%| O|  |TAMS 0x0000000746200000, 0x0000000746200000| Untracked 
|  99|0x0000000746300000, 0x00000007463ffff8, 0x0000000746400000| 99%| O|  |TAMS 0x0000000746300000, 0x0000000746300000| Untracked 
| 100|0x0000000746400000, 0x00000007464ffff8, 0x0000000746500000| 99%| O|  |TAMS 0x0000000746400000, 0x0000000746400000| Untracked 
| 101|0x0000000746500000, 0x00000007465ffff8, 0x0000000746600000| 99%| O|  |TAMS 0x0000000746500000, 0x0000000746500000| Untracked 
| 102|0x0000000746600000, 0x0000000746700000, 0x0000000746700000|100%| O|  |TAMS 0x0000000746600000, 0x0000000746600000| Untracked 
| 103|0x0000000746700000, 0x00000007467ffff0, 0x0000000746800000| 99%| O|  |TAMS 0x0000000746700000, 0x0000000746700000| Untracked 
| 104|0x0000000746800000, 0x00000007468fffe8, 0x0000000746900000| 99%| O|  |TAMS 0x0000000746800000, 0x0000000746800000| Untracked 
| 105|0x0000000746900000, 0x00000007469ffff0, 0x0000000746a00000| 99%| O|  |TAMS 0x0000000746900000, 0x0000000746900000| Untracked 
| 106|0x0000000746a00000, 0x0000000746b00000, 0x0000000746b00000|100%|HS|  |TAMS 0x0000000746a00000, 0x0000000746a00000| Untracked 
| 107|0x0000000746b00000, 0x0000000746bfffa0, 0x0000000746c00000| 99%| O|  |TAMS 0x0000000746b00000, 0x0000000746b00000| Untracked 
| 108|0x0000000746c00000, 0x0000000746cfffc0, 0x0000000746d00000| 99%| O|  |TAMS 0x0000000746c00000, 0x0000000746c00000| Untracked 
| 109|0x0000000746d00000, 0x0000000746dffff8, 0x0000000746e00000| 99%| O|  |TAMS 0x0000000746d00000, 0x0000000746d00000| Untracked 
| 110|0x0000000746e00000, 0x0000000746effff0, 0x0000000746f00000| 99%| O|  |TAMS 0x0000000746e00000, 0x0000000746e00000| Untracked 
| 111|0x0000000746f00000, 0x0000000746fffff8, 0x0000000747000000| 99%| O|  |TAMS 0x0000000746f00000, 0x0000000746f00000| Untracked 
| 112|0x0000000747000000, 0x00000007470ffff8, 0x0000000747100000| 99%| O|  |TAMS 0x0000000747000000, 0x0000000747000000| Untracked 
| 113|0x0000000747100000, 0x0000000747200000, 0x0000000747200000|100%| O|  |TAMS 0x0000000747100000, 0x0000000747100000| Untracked 
| 114|0x0000000747200000, 0x00000007472ffe68, 0x0000000747300000| 99%| O|  |TAMS 0x0000000747200000, 0x0000000747200000| Untracked 
| 115|0x0000000747300000, 0x00000007473ffff0, 0x0000000747400000| 99%| O|  |TAMS 0x0000000747300000, 0x0000000747300000| Untracked 
| 116|0x0000000747400000, 0x00000007474ffff8, 0x0000000747500000| 99%| O|  |TAMS 0x0000000747400000, 0x0000000747400000| Untracked 
| 117|0x0000000747500000, 0x00000007475fffe8, 0x0000000747600000| 99%| O|  |TAMS 0x0000000747500000, 0x0000000747500000| Untracked 
| 118|0x0000000747600000, 0x00000007476fffe8, 0x0000000747700000| 99%| O|  |TAMS 0x0000000747600000, 0x0000000747600000| Untracked 
| 119|0x0000000747700000, 0x00000007477ffff8, 0x0000000747800000| 99%| O|  |TAMS 0x0000000747700000, 0x0000000747700000| Untracked 
| 120|0x0000000747800000, 0x00000007478ffff8, 0x0000000747900000| 99%| O|  |TAMS 0x0000000747800000, 0x0000000747800000| Untracked 
| 121|0x0000000747900000, 0x0000000747a00000, 0x0000000747a00000|100%| O|  |TAMS 0x0000000747900000, 0x0000000747900000| Untracked 
| 122|0x0000000747a00000, 0x0000000747affdc8, 0x0000000747b00000| 99%| O|  |TAMS 0x0000000747a00000, 0x0000000747a00000| Untracked 
| 123|0x0000000747b00000, 0x0000000747bfff70, 0x0000000747c00000| 99%| O|  |TAMS 0x0000000747b00000, 0x0000000747b00000| Untracked 
| 124|0x0000000747c00000, 0x0000000747cffff8, 0x0000000747d00000| 99%| O|  |TAMS 0x0000000747c00000, 0x0000000747c00000| Untracked 
| 125|0x0000000747d00000, 0x0000000747dffff0, 0x0000000747e00000| 99%| O|  |TAMS 0x0000000747d00000, 0x0000000747d00000| Untracked 
| 126|0x0000000747e00000, 0x0000000747effe98, 0x0000000747f00000| 99%| O|  |TAMS 0x0000000747e00000, 0x0000000747e00000| Untracked 
| 127|0x0000000747f00000, 0x0000000747fffff8, 0x0000000748000000| 99%| O|  |TAMS 0x0000000747f00000, 0x0000000747f00000| Untracked 
| 128|0x0000000748000000, 0x00000007480fffb0, 0x0000000748100000| 99%| O|  |TAMS 0x0000000748000000, 0x0000000748000000| Untracked 
| 129|0x0000000748100000, 0x0000000748200000, 0x0000000748200000|100%| O|  |TAMS 0x0000000748100000, 0x0000000748100000| Untracked 
| 130|0x0000000748200000, 0x00000007482ffed8, 0x0000000748300000| 99%| O|  |TAMS 0x0000000748200000, 0x0000000748200000| Untracked 
| 131|0x0000000748300000, 0x0000000748400000, 0x0000000748400000|100%| O|  |TAMS 0x0000000748300000, 0x0000000748300000| Untracked 
| 132|0x0000000748400000, 0x00000007484fffe8, 0x0000000748500000| 99%| O|  |TAMS 0x0000000748400000, 0x0000000748400000| Untracked 
| 133|0x0000000748500000, 0x00000007485fffa8, 0x0000000748600000| 99%| O|  |TAMS 0x0000000748500000, 0x0000000748500000| Untracked 
| 134|0x0000000748600000, 0x0000000748700000, 0x0000000748700000|100%| O|  |TAMS 0x0000000748600000, 0x0000000748600000| Untracked 
| 135|0x0000000748700000, 0x00000007487ffff8, 0x0000000748800000| 99%| O|  |TAMS 0x0000000748700000, 0x0000000748700000| Untracked 
| 136|0x0000000748800000, 0x00000007488ff440, 0x0000000748900000| 99%| O|  |TAMS 0x0000000748800000, 0x0000000748800000| Untracked 
| 137|0x0000000748900000, 0x0000000748a00000, 0x0000000748a00000|100%| O|  |TAMS 0x0000000748900000, 0x0000000748900000| Untracked 
| 138|0x0000000748a00000, 0x0000000748affff8, 0x0000000748b00000| 99%| O|  |TAMS 0x0000000748a00000, 0x0000000748a00000| Untracked 
| 139|0x0000000748b00000, 0x0000000748bffff0, 0x0000000748c00000| 99%| O|  |TAMS 0x0000000748b00000, 0x0000000748b00000| Untracked 
| 140|0x0000000748c00000, 0x0000000748cfffe0, 0x0000000748d00000| 99%| O|  |TAMS 0x0000000748c00000, 0x0000000748c00000| Untracked 
| 141|0x0000000748d00000, 0x0000000748dfeee8, 0x0000000748e00000| 99%| O|  |TAMS 0x0000000748d00000, 0x0000000748d00000| Untracked 
| 142|0x0000000748e00000, 0x0000000748f00000, 0x0000000748f00000|100%|HS|  |TAMS 0x0000000748e00000, 0x0000000748e00000| Untracked 
| 143|0x0000000748f00000, 0x0000000749000000, 0x0000000749000000|100%|HC|  |TAMS 0x0000000748f00000, 0x0000000748f00000| Untracked 
| 144|0x0000000749000000, 0x00000007490ffff0, 0x0000000749100000| 99%| O|  |TAMS 0x0000000749000000, 0x0000000749000000| Untracked 
| 145|0x0000000749100000, 0x0000000749154950, 0x0000000749200000| 33%| O|  |TAMS 0x0000000749100000, 0x0000000749100000| Untracked 
| 146|0x0000000749200000, 0x0000000749300000, 0x0000000749300000|100%| O|  |TAMS 0x0000000749200000, 0x0000000749200000| Untracked 
| 147|0x0000000749300000, 0x0000000749400000, 0x0000000749400000|100%| O|  |TAMS 0x0000000749300000, 0x0000000749300000| Untracked 
| 148|0x0000000749400000, 0x00000007494fee40, 0x0000000749500000| 99%| O|  |TAMS 0x0000000749400000, 0x0000000749400000| Untracked 
| 149|0x0000000749500000, 0x00000007495d6800, 0x0000000749600000| 83%| O|  |TAMS 0x0000000749500000, 0x0000000749500000| Untracked 
| 150|0x0000000749600000, 0x0000000749600000, 0x0000000749700000|  0%| F|  |TAMS 0x0000000749600000, 0x0000000749600000| Untracked 
| 151|0x0000000749700000, 0x0000000749700000, 0x0000000749800000|  0%| F|  |TAMS 0x0000000749700000, 0x0000000749700000| Untracked 
| 152|0x0000000749800000, 0x0000000749800000, 0x0000000749900000|  0%| F|  |TAMS 0x0000000749800000, 0x0000000749800000| Untracked 
| 153|0x0000000749900000, 0x0000000749900000, 0x0000000749a00000|  0%| F|  |TAMS 0x0000000749900000, 0x0000000749900000| Untracked 
| 154|0x0000000749a00000, 0x0000000749b00000, 0x0000000749b00000|100%|HS|  |TAMS 0x0000000749a00000, 0x0000000749a00000| Untracked 
| 155|0x0000000749b00000, 0x0000000749b00000, 0x0000000749c00000|  0%| F|  |TAMS 0x0000000749b00000, 0x0000000749b00000| Untracked 
| 156|0x0000000749c00000, 0x0000000749c00000, 0x0000000749d00000|  0%| F|  |TAMS 0x0000000749c00000, 0x0000000749c00000| Untracked 
| 157|0x0000000749d00000, 0x0000000749d00000, 0x0000000749e00000|  0%| F|  |TAMS 0x0000000749d00000, 0x0000000749d00000| Untracked 
| 158|0x0000000749e00000, 0x0000000749e1a078, 0x0000000749f00000| 10%| O|  |TAMS 0x0000000749e00000, 0x0000000749e00000| Untracked 
| 159|0x0000000749f00000, 0x0000000749f6ac10, 0x000000074a000000| 41%| O|  |TAMS 0x0000000749f00000, 0x0000000749f00000| Untracked 
| 160|0x000000074a000000, 0x000000074a000000, 0x000000074a100000|  0%| F|  |TAMS 0x000000074a000000, 0x000000074a000000| Untracked 
| 161|0x000000074a100000, 0x000000074a100000, 0x000000074a200000|  0%| F|  |TAMS 0x000000074a100000, 0x000000074a100000| Untracked 
| 162|0x000000074a200000, 0x000000074a200000, 0x000000074a300000|  0%| F|  |TAMS 0x000000074a200000, 0x000000074a200000| Untracked 
| 163|0x000000074a300000, 0x000000074a300000, 0x000000074a400000|  0%| F|  |TAMS 0x000000074a300000, 0x000000074a300000| Untracked 
| 164|0x000000074a400000, 0x000000074a500000, 0x000000074a500000|100%|HS|  |TAMS 0x000000074a400000, 0x000000074a400000| Untracked 
| 165|0x000000074a500000, 0x000000074a600000, 0x000000074a600000|100%|HC|  |TAMS 0x000000074a500000, 0x000000074a500000| Untracked 
| 166|0x000000074a600000, 0x000000074a700000, 0x000000074a700000|100%|HC|  |TAMS 0x000000074a600000, 0x000000074a600000| Untracked 
| 167|0x000000074a700000, 0x000000074a800000, 0x000000074a800000|100%|HC|  |TAMS 0x000000074a700000, 0x000000074a700000| Untracked 
| 168|0x000000074a800000, 0x000000074a800000, 0x000000074a900000|  0%| F|  |TAMS 0x000000074a800000, 0x000000074a800000| Untracked 
| 169|0x000000074a900000, 0x000000074a900000, 0x000000074aa00000|  0%| F|  |TAMS 0x000000074a900000, 0x000000074a900000| Untracked 
| 170|0x000000074aa00000, 0x000000074aa00000, 0x000000074ab00000|  0%| F|  |TAMS 0x000000074aa00000, 0x000000074aa00000| Untracked 
| 171|0x000000074ab00000, 0x000000074ab00000, 0x000000074ac00000|  0%| F|  |TAMS 0x000000074ab00000, 0x000000074ab00000| Untracked 
| 172|0x000000074ac00000, 0x000000074ac00000, 0x000000074ad00000|  0%| F|  |TAMS 0x000000074ac00000, 0x000000074ac00000| Untracked 
| 173|0x000000074ad00000, 0x000000074ad00000, 0x000000074ae00000|  0%| F|  |TAMS 0x000000074ad00000, 0x000000074ad00000| Untracked 
| 174|0x000000074ae00000, 0x000000074af00000, 0x000000074af00000|100%|HS|  |TAMS 0x000000074ae00000, 0x000000074ae00000| Untracked 
| 175|0x000000074af00000, 0x000000074b000000, 0x000000074b000000|100%|HC|  |TAMS 0x000000074af00000, 0x000000074af00000| Untracked 
| 176|0x000000074b000000, 0x000000074b100000, 0x000000074b100000|100%|HC|  |TAMS 0x000000074b000000, 0x000000074b000000| Untracked 
| 177|0x000000074b100000, 0x000000074b200000, 0x000000074b200000|100%|HC|  |TAMS 0x000000074b100000, 0x000000074b100000| Untracked 
| 178|0x000000074b200000, 0x000000074b300000, 0x000000074b300000|100%|HC|  |TAMS 0x000000074b200000, 0x000000074b200000| Untracked 
| 179|0x000000074b300000, 0x000000074b400000, 0x000000074b400000|100%|HC|  |TAMS 0x000000074b300000, 0x000000074b300000| Untracked 
| 180|0x000000074b400000, 0x000000074b500000, 0x000000074b500000|100%|HC|  |TAMS 0x000000074b400000, 0x000000074b400000| Untracked 
| 181|0x000000074b500000, 0x000000074b500000, 0x000000074b600000|  0%| F|  |TAMS 0x000000074b500000, 0x000000074b500000| Untracked 
| 182|0x000000074b600000, 0x000000074b600000, 0x000000074b700000|  0%| F|  |TAMS 0x000000074b600000, 0x000000074b600000| Untracked 
| 183|0x000000074b700000, 0x000000074b700000, 0x000000074b800000|  0%| F|  |TAMS 0x000000074b700000, 0x000000074b700000| Untracked 
| 184|0x000000074b800000, 0x000000074b800000, 0x000000074b900000|  0%| F|  |TAMS 0x000000074b800000, 0x000000074b800000| Untracked 
| 185|0x000000074b900000, 0x000000074b900000, 0x000000074ba00000|  0%| F|  |TAMS 0x000000074b900000, 0x000000074b900000| Untracked 
| 186|0x000000074ba00000, 0x000000074ba00000, 0x000000074bb00000|  0%| F|  |TAMS 0x000000074ba00000, 0x000000074ba00000| Untracked 
| 187|0x000000074bb00000, 0x000000074bb00000, 0x000000074bc00000|  0%| F|  |TAMS 0x000000074bb00000, 0x000000074bb00000| Untracked 
| 188|0x000000074bc00000, 0x000000074bc00000, 0x000000074bd00000|  0%| F|  |TAMS 0x000000074bc00000, 0x000000074bc00000| Untracked 
| 189|0x000000074bd00000, 0x000000074bd00000, 0x000000074be00000|  0%| F|  |TAMS 0x000000074bd00000, 0x000000074bd00000| Untracked 
| 190|0x000000074be00000, 0x000000074be00000, 0x000000074bf00000|  0%| F|  |TAMS 0x000000074be00000, 0x000000074be00000| Untracked 
| 191|0x000000074bf00000, 0x000000074bf00000, 0x000000074c000000|  0%| F|  |TAMS 0x000000074bf00000, 0x000000074bf00000| Untracked 
| 192|0x000000074c000000, 0x000000074c000000, 0x000000074c100000|  0%| F|  |TAMS 0x000000074c000000, 0x000000074c000000| Untracked 
| 193|0x000000074c100000, 0x000000074c100000, 0x000000074c200000|  0%| F|  |TAMS 0x000000074c100000, 0x000000074c100000| Untracked 
| 194|0x000000074c200000, 0x000000074c200000, 0x000000074c300000|  0%| F|  |TAMS 0x000000074c200000, 0x000000074c200000| Untracked 
| 195|0x000000074c300000, 0x000000074c300000, 0x000000074c400000|  0%| F|  |TAMS 0x000000074c300000, 0x000000074c300000| Untracked 
| 196|0x000000074c400000, 0x000000074c400000, 0x000000074c500000|  0%| F|  |TAMS 0x000000074c400000, 0x000000074c400000| Untracked 
| 197|0x000000074c500000, 0x000000074c500000, 0x000000074c600000|  0%| F|  |TAMS 0x000000074c500000, 0x000000074c500000| Untracked 
| 198|0x000000074c600000, 0x000000074c700000, 0x000000074c700000|100%|HS|  |TAMS 0x000000074c600000, 0x000000074c600000| Complete 
| 199|0x000000074c700000, 0x000000074c800000, 0x000000074c800000|100%|HC|  |TAMS 0x000000074c700000, 0x000000074c700000| Complete 
| 200|0x000000074c800000, 0x000000074c900000, 0x000000074c900000|100%|HC|  |TAMS 0x000000074c800000, 0x000000074c800000| Complete 
| 201|0x000000074c900000, 0x000000074ca00000, 0x000000074ca00000|100%|HC|  |TAMS 0x000000074c900000, 0x000000074c900000| Complete 
| 202|0x000000074ca00000, 0x000000074cb00000, 0x000000074cb00000|100%|HC|  |TAMS 0x000000074ca00000, 0x000000074ca00000| Complete 
| 203|0x000000074cb00000, 0x000000074cc00000, 0x000000074cc00000|100%|HC|  |TAMS 0x000000074cb00000, 0x000000074cb00000| Complete 
| 204|0x000000074cc00000, 0x000000074cd00000, 0x000000074cd00000|100%|HC|  |TAMS 0x000000074cc00000, 0x000000074cc00000| Complete 
| 205|0x000000074cd00000, 0x000000074ce00000, 0x000000074ce00000|100%|HC|  |TAMS 0x000000074cd00000, 0x000000074cd00000| Complete 
| 206|0x000000074ce00000, 0x000000074ce00000, 0x000000074cf00000|  0%| F|  |TAMS 0x000000074ce00000, 0x000000074ce00000| Untracked 
| 207|0x000000074cf00000, 0x000000074cf00000, 0x000000074d000000|  0%| F|  |TAMS 0x000000074cf00000, 0x000000074cf00000| Untracked 
| 208|0x000000074d000000, 0x000000074d000000, 0x000000074d100000|  0%| F|  |TAMS 0x000000074d000000, 0x000000074d000000| Untracked 
| 209|0x000000074d100000, 0x000000074d100000, 0x000000074d200000|  0%| F|  |TAMS 0x000000074d100000, 0x000000074d100000| Untracked 
| 210|0x000000074d200000, 0x000000074d200000, 0x000000074d300000|  0%| F|  |TAMS 0x000000074d200000, 0x000000074d200000| Untracked 
| 211|0x000000074d300000, 0x000000074d300000, 0x000000074d400000|  0%| F|  |TAMS 0x000000074d300000, 0x000000074d300000| Untracked 
| 212|0x000000074d400000, 0x000000074d400000, 0x000000074d500000|  0%| F|  |TAMS 0x000000074d400000, 0x000000074d400000| Untracked 
| 213|0x000000074d500000, 0x000000074d500000, 0x000000074d600000|  0%| F|  |TAMS 0x000000074d500000, 0x000000074d500000| Untracked 
| 214|0x000000074d600000, 0x000000074d600000, 0x000000074d700000|  0%| F|  |TAMS 0x000000074d600000, 0x000000074d600000| Untracked 
| 215|0x000000074d700000, 0x000000074d700000, 0x000000074d800000|  0%| F|  |TAMS 0x000000074d700000, 0x000000074d700000| Untracked 
| 216|0x000000074d800000, 0x000000074d800000, 0x000000074d900000|  0%| F|  |TAMS 0x000000074d800000, 0x000000074d800000| Untracked 
| 217|0x000000074d900000, 0x000000074d900000, 0x000000074da00000|  0%| F|  |TAMS 0x000000074d900000, 0x000000074d900000| Untracked 
| 218|0x000000074da00000, 0x000000074da00000, 0x000000074db00000|  0%| F|  |TAMS 0x000000074da00000, 0x000000074da00000| Untracked 
| 219|0x000000074db00000, 0x000000074db00000, 0x000000074dc00000|  0%| F|  |TAMS 0x000000074db00000, 0x000000074db00000| Untracked 
| 220|0x000000074dc00000, 0x000000074dc00000, 0x000000074dd00000|  0%| F|  |TAMS 0x000000074dc00000, 0x000000074dc00000| Untracked 
| 221|0x000000074dd00000, 0x000000074dd00000, 0x000000074de00000|  0%| F|  |TAMS 0x000000074dd00000, 0x000000074dd00000| Untracked 
| 222|0x000000074de00000, 0x000000074de00000, 0x000000074df00000|  0%| F|  |TAMS 0x000000074de00000, 0x000000074de00000| Untracked 
| 223|0x000000074df00000, 0x000000074df00000, 0x000000074e000000|  0%| F|  |TAMS 0x000000074df00000, 0x000000074df00000| Untracked 
| 224|0x000000074e000000, 0x000000074e000000, 0x000000074e100000|  0%| F|  |TAMS 0x000000074e000000, 0x000000074e000000| Untracked 
| 225|0x000000074e100000, 0x000000074e100000, 0x000000074e200000|  0%| F|  |TAMS 0x000000074e100000, 0x000000074e100000| Untracked 
| 226|0x000000074e200000, 0x000000074e200000, 0x000000074e300000|  0%| F|  |TAMS 0x000000074e200000, 0x000000074e200000| Untracked 
| 227|0x000000074e300000, 0x000000074e300000, 0x000000074e400000|  0%| F|  |TAMS 0x000000074e300000, 0x000000074e300000| Untracked 
| 228|0x000000074e400000, 0x000000074e400000, 0x000000074e500000|  0%| F|  |TAMS 0x000000074e400000, 0x000000074e400000| Untracked 
| 229|0x000000074e500000, 0x000000074e500000, 0x000000074e600000|  0%| F|  |TAMS 0x000000074e500000, 0x000000074e500000| Untracked 
| 230|0x000000074e600000, 0x000000074e600000, 0x000000074e700000|  0%| F|  |TAMS 0x000000074e600000, 0x000000074e600000| Untracked 
| 231|0x000000074e700000, 0x000000074e700000, 0x000000074e800000|  0%| F|  |TAMS 0x000000074e700000, 0x000000074e700000| Untracked 
| 232|0x000000074e800000, 0x000000074e800000, 0x000000074e900000|  0%| F|  |TAMS 0x000000074e800000, 0x000000074e800000| Untracked 
| 233|0x000000074e900000, 0x000000074e900000, 0x000000074ea00000|  0%| F|  |TAMS 0x000000074e900000, 0x000000074e900000| Untracked 
| 234|0x000000074ea00000, 0x000000074ea00000, 0x000000074eb00000|  0%| F|  |TAMS 0x000000074ea00000, 0x000000074ea00000| Untracked 
| 235|0x000000074eb00000, 0x000000074eb00000, 0x000000074ec00000|  0%| F|  |TAMS 0x000000074eb00000, 0x000000074eb00000| Untracked 
| 236|0x000000074ec00000, 0x000000074ec00000, 0x000000074ed00000|  0%| F|  |TAMS 0x000000074ec00000, 0x000000074ec00000| Untracked 
| 237|0x000000074ed00000, 0x000000074ed00000, 0x000000074ee00000|  0%| F|  |TAMS 0x000000074ed00000, 0x000000074ed00000| Untracked 
| 238|0x000000074ee00000, 0x000000074ee00000, 0x000000074ef00000|  0%| F|  |TAMS 0x000000074ee00000, 0x000000074ee00000| Untracked 
| 239|0x000000074ef00000, 0x000000074ef00000, 0x000000074f000000|  0%| F|  |TAMS 0x000000074ef00000, 0x000000074ef00000| Untracked 
| 240|0x000000074f000000, 0x000000074f000000, 0x000000074f100000|  0%| F|  |TAMS 0x000000074f000000, 0x000000074f000000| Untracked 
| 241|0x000000074f100000, 0x000000074f100000, 0x000000074f200000|  0%| F|  |TAMS 0x000000074f100000, 0x000000074f100000| Untracked 
| 242|0x000000074f200000, 0x000000074f200000, 0x000000074f300000|  0%| F|  |TAMS 0x000000074f200000, 0x000000074f200000| Untracked 
| 243|0x000000074f300000, 0x000000074f300000, 0x000000074f400000|  0%| F|  |TAMS 0x000000074f300000, 0x000000074f300000| Untracked 
| 244|0x000000074f400000, 0x000000074f400000, 0x000000074f500000|  0%| F|  |TAMS 0x000000074f400000, 0x000000074f400000| Untracked 
| 245|0x000000074f500000, 0x000000074f500000, 0x000000074f600000|  0%| F|  |TAMS 0x000000074f500000, 0x000000074f500000| Untracked 
| 246|0x000000074f600000, 0x000000074f600000, 0x000000074f700000|  0%| F|  |TAMS 0x000000074f600000, 0x000000074f600000| Untracked 
| 247|0x000000074f700000, 0x000000074f700000, 0x000000074f800000|  0%| F|  |TAMS 0x000000074f700000, 0x000000074f700000| Untracked 
| 248|0x000000074f800000, 0x000000074f800000, 0x000000074f900000|  0%| F|  |TAMS 0x000000074f800000, 0x000000074f800000| Untracked 
| 249|0x000000074f900000, 0x000000074f900000, 0x000000074fa00000|  0%| F|  |TAMS 0x000000074f900000, 0x000000074f900000| Untracked 
| 250|0x000000074fa00000, 0x000000074fa00000, 0x000000074fb00000|  0%| F|  |TAMS 0x000000074fa00000, 0x000000074fa00000| Untracked 
| 251|0x000000074fb00000, 0x000000074fb00000, 0x000000074fc00000|  0%| F|  |TAMS 0x000000074fb00000, 0x000000074fb00000| Untracked 
| 252|0x000000074fc00000, 0x000000074fc00000, 0x000000074fd00000|  0%| F|  |TAMS 0x000000074fc00000, 0x000000074fc00000| Untracked 
| 253|0x000000074fd00000, 0x000000074fd00000, 0x000000074fe00000|  0%| F|  |TAMS 0x000000074fd00000, 0x000000074fd00000| Untracked 
| 254|0x000000074fe00000, 0x000000074fe00000, 0x000000074ff00000|  0%| F|  |TAMS 0x000000074fe00000, 0x000000074fe00000| Untracked 
| 255|0x000000074ff00000, 0x000000074ff00000, 0x0000000750000000|  0%| F|  |TAMS 0x000000074ff00000, 0x000000074ff00000| Untracked 
| 256|0x0000000750000000, 0x0000000750000000, 0x0000000750100000|  0%| F|  |TAMS 0x0000000750000000, 0x0000000750000000| Untracked 
| 257|0x0000000750100000, 0x0000000750100000, 0x0000000750200000|  0%| F|  |TAMS 0x0000000750100000, 0x0000000750100000| Untracked 
| 258|0x0000000750200000, 0x0000000750200000, 0x0000000750300000|  0%| F|  |TAMS 0x0000000750200000, 0x0000000750200000| Untracked 
| 259|0x0000000750300000, 0x0000000750300000, 0x0000000750400000|  0%| F|  |TAMS 0x0000000750300000, 0x0000000750300000| Untracked 
| 260|0x0000000750400000, 0x0000000750400000, 0x0000000750500000|  0%| F|  |TAMS 0x0000000750400000, 0x0000000750400000| Untracked 
| 261|0x0000000750500000, 0x0000000750500000, 0x0000000750600000|  0%| F|  |TAMS 0x0000000750500000, 0x0000000750500000| Untracked 
| 262|0x0000000750600000, 0x0000000750600000, 0x0000000750700000|  0%| F|  |TAMS 0x0000000750600000, 0x0000000750600000| Untracked 
| 263|0x0000000750700000, 0x0000000750700000, 0x0000000750800000|  0%| F|  |TAMS 0x0000000750700000, 0x0000000750700000| Untracked 
| 264|0x0000000750800000, 0x0000000750800000, 0x0000000750900000|  0%| F|  |TAMS 0x0000000750800000, 0x0000000750800000| Untracked 
| 265|0x0000000750900000, 0x0000000750900000, 0x0000000750a00000|  0%| F|  |TAMS 0x0000000750900000, 0x0000000750900000| Untracked 
| 266|0x0000000750a00000, 0x0000000750a00000, 0x0000000750b00000|  0%| F|  |TAMS 0x0000000750a00000, 0x0000000750a00000| Untracked 
| 267|0x0000000750b00000, 0x0000000750b00000, 0x0000000750c00000|  0%| F|  |TAMS 0x0000000750b00000, 0x0000000750b00000| Untracked 
| 268|0x0000000750c00000, 0x0000000750c00000, 0x0000000750d00000|  0%| F|  |TAMS 0x0000000750c00000, 0x0000000750c00000| Untracked 
| 269|0x0000000750d00000, 0x0000000750d00000, 0x0000000750e00000|  0%| F|  |TAMS 0x0000000750d00000, 0x0000000750d00000| Untracked 
| 270|0x0000000750e00000, 0x0000000750e00000, 0x0000000750f00000|  0%| F|  |TAMS 0x0000000750e00000, 0x0000000750e00000| Untracked 
| 271|0x0000000750f00000, 0x0000000750f00000, 0x0000000751000000|  0%| F|  |TAMS 0x0000000750f00000, 0x0000000750f00000| Untracked 
| 272|0x0000000751000000, 0x0000000751000000, 0x0000000751100000|  0%| F|  |TAMS 0x0000000751000000, 0x0000000751000000| Untracked 
| 273|0x0000000751100000, 0x0000000751100000, 0x0000000751200000|  0%| F|  |TAMS 0x0000000751100000, 0x0000000751100000| Untracked 
| 274|0x0000000751200000, 0x0000000751200000, 0x0000000751300000|  0%| F|  |TAMS 0x0000000751200000, 0x0000000751200000| Untracked 
| 275|0x0000000751300000, 0x0000000751300000, 0x0000000751400000|  0%| F|  |TAMS 0x0000000751300000, 0x0000000751300000| Untracked 
| 276|0x0000000751400000, 0x0000000751400000, 0x0000000751500000|  0%| F|  |TAMS 0x0000000751400000, 0x0000000751400000| Untracked 
| 277|0x0000000751500000, 0x0000000751500000, 0x0000000751600000|  0%| F|  |TAMS 0x0000000751500000, 0x0000000751500000| Untracked 
| 278|0x0000000751600000, 0x0000000751600000, 0x0000000751700000|  0%| F|  |TAMS 0x0000000751600000, 0x0000000751600000| Untracked 
| 279|0x0000000751700000, 0x0000000751700000, 0x0000000751800000|  0%| F|  |TAMS 0x0000000751700000, 0x0000000751700000| Untracked 
| 280|0x0000000751800000, 0x0000000751800000, 0x0000000751900000|  0%| F|  |TAMS 0x0000000751800000, 0x0000000751800000| Untracked 
| 281|0x0000000751900000, 0x0000000751900000, 0x0000000751a00000|  0%| F|  |TAMS 0x0000000751900000, 0x0000000751900000| Untracked 
| 282|0x0000000751a00000, 0x0000000751a00000, 0x0000000751b00000|  0%| F|  |TAMS 0x0000000751a00000, 0x0000000751a00000| Untracked 
| 283|0x0000000751b00000, 0x0000000751b00000, 0x0000000751c00000|  0%| F|  |TAMS 0x0000000751b00000, 0x0000000751b00000| Untracked 
| 284|0x0000000751c00000, 0x0000000751c00000, 0x0000000751d00000|  0%| F|  |TAMS 0x0000000751c00000, 0x0000000751c00000| Untracked 
| 285|0x0000000751d00000, 0x0000000751d00000, 0x0000000751e00000|  0%| F|  |TAMS 0x0000000751d00000, 0x0000000751d00000| Untracked 
| 286|0x0000000751e00000, 0x0000000751e00000, 0x0000000751f00000|  0%| F|  |TAMS 0x0000000751e00000, 0x0000000751e00000| Untracked 
| 287|0x0000000751f00000, 0x0000000751f00000, 0x0000000752000000|  0%| F|  |TAMS 0x0000000751f00000, 0x0000000751f00000| Untracked 
| 288|0x0000000752000000, 0x0000000752000000, 0x0000000752100000|  0%| F|  |TAMS 0x0000000752000000, 0x0000000752000000| Untracked 
| 289|0x0000000752100000, 0x0000000752100000, 0x0000000752200000|  0%| F|  |TAMS 0x0000000752100000, 0x0000000752100000| Untracked 
| 290|0x0000000752200000, 0x0000000752200000, 0x0000000752300000|  0%| F|  |TAMS 0x0000000752200000, 0x0000000752200000| Untracked 
| 291|0x0000000752300000, 0x0000000752395f40, 0x0000000752400000| 58%| S|CS|TAMS 0x0000000752300000, 0x0000000752300000| Complete 
| 292|0x0000000752400000, 0x0000000752500000, 0x0000000752500000|100%| S|CS|TAMS 0x0000000752400000, 0x0000000752400000| Complete 
| 293|0x0000000752500000, 0x0000000752600000, 0x0000000752600000|100%| S|CS|TAMS 0x0000000752500000, 0x0000000752500000| Complete 
| 294|0x0000000752600000, 0x0000000752600000, 0x0000000752700000|  0%| F|  |TAMS 0x0000000752600000, 0x0000000752600000| Untracked 
| 295|0x0000000752700000, 0x0000000752700000, 0x0000000752800000|  0%| F|  |TAMS 0x0000000752700000, 0x0000000752700000| Untracked 
| 296|0x0000000752800000, 0x0000000752800000, 0x0000000752900000|  0%| F|  |TAMS 0x0000000752800000, 0x0000000752800000| Untracked 
| 297|0x0000000752900000, 0x0000000752900000, 0x0000000752a00000|  0%| F|  |TAMS 0x0000000752900000, 0x0000000752900000| Untracked 
| 298|0x0000000752a00000, 0x0000000752a00000, 0x0000000752b00000|  0%| F|  |TAMS 0x0000000752a00000, 0x0000000752a00000| Untracked 
| 299|0x0000000752b00000, 0x0000000752b00000, 0x0000000752c00000|  0%| F|  |TAMS 0x0000000752b00000, 0x0000000752b00000| Untracked 
| 300|0x0000000752c00000, 0x0000000752c00000, 0x0000000752d00000|  0%| F|  |TAMS 0x0000000752c00000, 0x0000000752c00000| Untracked 
| 301|0x0000000752d00000, 0x0000000752d00000, 0x0000000752e00000|  0%| F|  |TAMS 0x0000000752d00000, 0x0000000752d00000| Untracked 
| 302|0x0000000752e00000, 0x0000000752e00000, 0x0000000752f00000|  0%| F|  |TAMS 0x0000000752e00000, 0x0000000752e00000| Untracked 
| 303|0x0000000752f00000, 0x0000000752f00000, 0x0000000753000000|  0%| F|  |TAMS 0x0000000752f00000, 0x0000000752f00000| Untracked 
| 304|0x0000000753000000, 0x0000000753000000, 0x0000000753100000|  0%| F|  |TAMS 0x0000000753000000, 0x0000000753000000| Untracked 
| 305|0x0000000753100000, 0x0000000753100000, 0x0000000753200000|  0%| F|  |TAMS 0x0000000753100000, 0x0000000753100000| Untracked 
| 306|0x0000000753200000, 0x0000000753200000, 0x0000000753300000|  0%| F|  |TAMS 0x0000000753200000, 0x0000000753200000| Untracked 
| 307|0x0000000753300000, 0x0000000753300000, 0x0000000753400000|  0%| F|  |TAMS 0x0000000753300000, 0x0000000753300000| Untracked 
| 308|0x0000000753400000, 0x0000000753400000, 0x0000000753500000|  0%| F|  |TAMS 0x0000000753400000, 0x0000000753400000| Untracked 
| 309|0x0000000753500000, 0x0000000753500000, 0x0000000753600000|  0%| F|  |TAMS 0x0000000753500000, 0x0000000753500000| Untracked 
| 310|0x0000000753600000, 0x0000000753600000, 0x0000000753700000|  0%| F|  |TAMS 0x0000000753600000, 0x0000000753600000| Untracked 
| 311|0x0000000753700000, 0x0000000753700000, 0x0000000753800000|  0%| F|  |TAMS 0x0000000753700000, 0x0000000753700000| Untracked 
| 312|0x0000000753800000, 0x0000000753800000, 0x0000000753900000|  0%| F|  |TAMS 0x0000000753800000, 0x0000000753800000| Untracked 
| 313|0x0000000753900000, 0x0000000753900000, 0x0000000753a00000|  0%| F|  |TAMS 0x0000000753900000, 0x0000000753900000| Untracked 
| 314|0x0000000753a00000, 0x0000000753a00000, 0x0000000753b00000|  0%| F|  |TAMS 0x0000000753a00000, 0x0000000753a00000| Untracked 
| 315|0x0000000753b00000, 0x0000000753b00000, 0x0000000753c00000|  0%| F|  |TAMS 0x0000000753b00000, 0x0000000753b00000| Untracked 
| 316|0x0000000753c00000, 0x0000000753c00000, 0x0000000753d00000|  0%| F|  |TAMS 0x0000000753c00000, 0x0000000753c00000| Untracked 
| 317|0x0000000753d00000, 0x0000000753d00000, 0x0000000753e00000|  0%| F|  |TAMS 0x0000000753d00000, 0x0000000753d00000| Untracked 
| 318|0x0000000753e00000, 0x0000000753e00000, 0x0000000753f00000|  0%| F|  |TAMS 0x0000000753e00000, 0x0000000753e00000| Untracked 
| 319|0x0000000753f00000, 0x0000000753f00000, 0x0000000754000000|  0%| F|  |TAMS 0x0000000753f00000, 0x0000000753f00000| Untracked 
| 320|0x0000000754000000, 0x0000000754000000, 0x0000000754100000|  0%| F|  |TAMS 0x0000000754000000, 0x0000000754000000| Untracked 
| 321|0x0000000754100000, 0x0000000754100000, 0x0000000754200000|  0%| F|  |TAMS 0x0000000754100000, 0x0000000754100000| Untracked 
| 322|0x0000000754200000, 0x0000000754200000, 0x0000000754300000|  0%| F|  |TAMS 0x0000000754200000, 0x0000000754200000| Untracked 
| 323|0x0000000754300000, 0x0000000754300000, 0x0000000754400000|  0%| F|  |TAMS 0x0000000754300000, 0x0000000754300000| Untracked 
| 324|0x0000000754400000, 0x0000000754400000, 0x0000000754500000|  0%| F|  |TAMS 0x0000000754400000, 0x0000000754400000| Untracked 
| 325|0x0000000754500000, 0x0000000754500000, 0x0000000754600000|  0%| F|  |TAMS 0x0000000754500000, 0x0000000754500000| Untracked 
| 326|0x0000000754600000, 0x0000000754600000, 0x0000000754700000|  0%| F|  |TAMS 0x0000000754600000, 0x0000000754600000| Untracked 
| 327|0x0000000754700000, 0x0000000754700000, 0x0000000754800000|  0%| F|  |TAMS 0x0000000754700000, 0x0000000754700000| Untracked 
| 328|0x0000000754800000, 0x0000000754800000, 0x0000000754900000|  0%| F|  |TAMS 0x0000000754800000, 0x0000000754800000| Untracked 
| 329|0x0000000754900000, 0x0000000754900000, 0x0000000754a00000|  0%| F|  |TAMS 0x0000000754900000, 0x0000000754900000| Untracked 
| 330|0x0000000754a00000, 0x0000000754a00000, 0x0000000754b00000|  0%| F|  |TAMS 0x0000000754a00000, 0x0000000754a00000| Untracked 
| 331|0x0000000754b00000, 0x0000000754b00000, 0x0000000754c00000|  0%| F|  |TAMS 0x0000000754b00000, 0x0000000754b00000| Untracked 
| 332|0x0000000754c00000, 0x0000000754c9d480, 0x0000000754d00000| 61%| E|  |TAMS 0x0000000754c00000, 0x0000000754c00000| Complete 
| 333|0x0000000754d00000, 0x0000000754e00000, 0x0000000754e00000|100%| E|CS|TAMS 0x0000000754d00000, 0x0000000754d00000| Complete 
| 334|0x0000000754e00000, 0x0000000754f00000, 0x0000000754f00000|100%| E|CS|TAMS 0x0000000754e00000, 0x0000000754e00000| Complete 
| 335|0x0000000754f00000, 0x0000000755000000, 0x0000000755000000|100%| E|CS|TAMS 0x0000000754f00000, 0x0000000754f00000| Complete 
| 336|0x0000000755000000, 0x0000000755100000, 0x0000000755100000|100%| E|CS|TAMS 0x0000000755000000, 0x0000000755000000| Complete 
| 337|0x0000000755100000, 0x0000000755200000, 0x0000000755200000|100%| E|CS|TAMS 0x0000000755100000, 0x0000000755100000| Complete 
| 338|0x0000000755200000, 0x0000000755300000, 0x0000000755300000|100%| E|CS|TAMS 0x0000000755200000, 0x0000000755200000| Complete 
| 339|0x0000000755300000, 0x0000000755400000, 0x0000000755400000|100%| E|CS|TAMS 0x0000000755300000, 0x0000000755300000| Complete 
| 340|0x0000000755400000, 0x0000000755500000, 0x0000000755500000|100%| E|CS|TAMS 0x0000000755400000, 0x0000000755400000| Complete 
| 341|0x0000000755500000, 0x0000000755600000, 0x0000000755600000|100%| E|CS|TAMS 0x0000000755500000, 0x0000000755500000| Complete 
| 342|0x0000000755600000, 0x0000000755700000, 0x0000000755700000|100%| E|CS|TAMS 0x0000000755600000, 0x0000000755600000| Complete 
| 343|0x0000000755700000, 0x0000000755800000, 0x0000000755800000|100%| E|CS|TAMS 0x0000000755700000, 0x0000000755700000| Complete 
| 344|0x0000000755800000, 0x0000000755900000, 0x0000000755900000|100%| E|CS|TAMS 0x0000000755800000, 0x0000000755800000| Complete 
| 345|0x0000000755900000, 0x0000000755a00000, 0x0000000755a00000|100%| E|CS|TAMS 0x0000000755900000, 0x0000000755900000| Complete 
| 346|0x0000000755a00000, 0x0000000755b00000, 0x0000000755b00000|100%| E|CS|TAMS 0x0000000755a00000, 0x0000000755a00000| Complete 
| 347|0x0000000755b00000, 0x0000000755c00000, 0x0000000755c00000|100%| E|CS|TAMS 0x0000000755b00000, 0x0000000755b00000| Complete 
| 348|0x0000000755c00000, 0x0000000755d00000, 0x0000000755d00000|100%| E|CS|TAMS 0x0000000755c00000, 0x0000000755c00000| Complete 
| 349|0x0000000755d00000, 0x0000000755e00000, 0x0000000755e00000|100%| E|CS|TAMS 0x0000000755d00000, 0x0000000755d00000| Complete 
| 350|0x0000000755e00000, 0x0000000755f00000, 0x0000000755f00000|100%| E|CS|TAMS 0x0000000755e00000, 0x0000000755e00000| Complete 
| 351|0x0000000755f00000, 0x0000000756000000, 0x0000000756000000|100%| E|CS|TAMS 0x0000000755f00000, 0x0000000755f00000| Complete 
| 352|0x0000000756000000, 0x0000000756100000, 0x0000000756100000|100%| E|CS|TAMS 0x0000000756000000, 0x0000000756000000| Complete 
| 353|0x0000000756100000, 0x0000000756200000, 0x0000000756200000|100%| E|CS|TAMS 0x0000000756100000, 0x0000000756100000| Complete 

Card table byte_map: [0x0000028e68290000,0x0000028e68890000] _byte_map_base: 0x0000028e64890000

Marking Bits (Prev, Next): (CMBitMap*) 0x0000028e118800d0, (CMBitMap*) 0x0000028e11880098
 Prev Bits: [0x0000028e6be90000, 0x0000028e6ee90000)
 Next Bits: [0x0000028e68e90000, 0x0000028e6be90000)

Polling page: 0x0000028e0d540000

Metaspace:

Usage:
  Non-class:     90.46 MB capacity,    89.60 MB (>99%) used,   665.98 KB ( <1%) free+waste,   206.19 KB ( <1%) overhead. 
      Class:     13.84 MB capacity,    13.34 MB ( 96%) used,   423.61 KB (  3%) free+waste,    85.94 KB ( <1%) overhead. 
       Both:    104.29 MB capacity,   102.94 MB ( 99%) used,     1.06 MB (  1%) free+waste,   292.13 KB ( <1%) overhead. 

Virtual space:
  Non-class space:       94.00 MB reserved,      93.05 MB ( 99%) committed 
      Class space:        1.00 GB reserved,      15.40 MB (  2%) committed 
             Both:        1.09 GB reserved,     108.45 MB ( 10%) committed 

Chunk freelists:
   Non-Class:  316.75 KB
       Class:  188.63 KB
        Both:  505.38 KB

CodeHeap 'non-profiled nmethods': size=120064Kb used=41430Kb max_used=41430Kb free=78633Kb
 bounds [0x0000028e60750000, 0x0000028e62ff0000, 0x0000028e67c90000]
CodeHeap 'profiled nmethods': size=120000Kb used=50731Kb max_used=51068Kb free=69268Kb
 bounds [0x0000028e59220000, 0x0000028e5c5c0000, 0x0000028e60750000]
CodeHeap 'non-nmethods': size=5696Kb used=1731Kb max_used=1792Kb free=3964Kb
 bounds [0x0000028e58c90000, 0x0000028e58f00000, 0x0000028e59220000]
 total_blobs=53270 nmethods=23727 adapters=1219
 compilation: enabled
              stopped_count=0, restarted_count=0
 full_count=0

Compilation events (10 events):
Event: 284864.551 Thread 0x0000028e374fa000 34637       3       javax.swing.plaf.basic.BasicMenuItemUI::createInputMap (19 bytes)
Event: 284864.552 Thread 0x0000028e374fa000 nmethod 34637 0x0000028e5a835d90 code [0x0000028e5a835f80, 0x0000028e5a8364b0]
Event: 284864.670 Thread 0x0000028e2e45f800 34638       4       javax.swing.plaf.basic.BasicMenuItemUI::getMaximumSize (46 bytes)
Event: 284864.678 Thread 0x0000028e2e45f800 nmethod 34638 0x0000028e61c4f290 code [0x0000028e61c4f460, 0x0000028e61c4fba8]
Event: 284865.121 Thread 0x0000028e374fa000 34639       3       javax.swing.plaf.basic.BasicMenuUI$Handler::mouseEntered (171 bytes)
Event: 284865.124 Thread 0x0000028e374fa000 nmethod 34639 0x0000028e5b3e3b10 code [0x0000028e5b3e3f40, 0x0000028e5b3e6690]
Event: 284865.145 Thread 0x0000028e374fa000 34640       3       javax.swing.plaf.basic.BasicMenuUI$Handler::mouseExited (1 bytes)
Event: 284865.145 Thread 0x0000028e374fa000 nmethod 34640 0x0000028e592cdf10 code [0x0000028e592ce0c0, 0x0000028e592ce218]
Event: 284865.353 Thread 0x0000028e374fa000 34641       3       ui.e.am::mouseExited (35 bytes)
Event: 284865.354 Thread 0x0000028e374fa000 nmethod 34641 0x0000028e5a84d590 code [0x0000028e5a84d7a0, 0x0000028e5a84e020]

GC Heap History (10 events):
Event: 284824.421 GC heap before
{Heap before GC invocations=5453 (full 353):
 garbage-first heap   total 362496K, used 234369K [0x0000000740000000, 0x0000000800000000)
  region size 1024K, 60 young (61440K), 2 survivors (2048K)
 Metaspace       used 105183K, capacity 106434K, committed 111056K, reserved 1144832K
  class space    used 13601K, capacity 14066K, committed 15768K, reserved 1048576K
}
Event: 284824.424 GC heap after
{Heap after GC invocations=5454 (full 353):
 garbage-first heap   total 362496K, used 176252K [0x0000000740000000, 0x0000000800000000)
  region size 1024K, 3 young (3072K), 3 survivors (3072K)
 Metaspace       used 105183K, capacity 106434K, committed 111056K, reserved 1144832K
  class space    used 13601K, capacity 14066K, committed 15768K, reserved 1048576K
}
Event: 284836.209 GC heap before
{Heap before GC invocations=5454 (full 353):
 garbage-first heap   total 362496K, used 234620K [0x0000000740000000, 0x0000000800000000)
  region size 1024K, 60 young (61440K), 3 survivors (3072K)
 Metaspace       used 105183K, capacity 106434K, committed 111056K, reserved 1144832K
  class space    used 13601K, capacity 14066K, committed 15768K, reserved 1048576K
}
Event: 284836.212 GC heap after
{Heap after GC invocations=5455 (full 353):
 garbage-first heap   total 362496K, used 176272K [0x0000000740000000, 0x0000000800000000)
  region size 1024K, 3 young (3072K), 3 survivors (3072K)
 Metaspace       used 105183K, capacity 106434K, committed 111056K, reserved 1144832K
  class space    used 13601K, capacity 14066K, committed 15768K, reserved 1048576K
}
Event: 284837.617 GC heap before
{Heap before GC invocations=5455 (full 353):
 garbage-first heap   total 362496K, used 234640K [0x0000000740000000, 0x0000000800000000)
  region size 1024K, 60 young (61440K), 3 survivors (3072K)
 Metaspace       used 105183K, capacity 106434K, committed 111056K, reserved 1144832K
  class space    used 13601K, capacity 14066K, committed 15768K, reserved 1048576K
}
Event: 284837.620 GC heap after
{Heap after GC invocations=5456 (full 353):
 garbage-first heap   total 362496K, used 175511K [0x0000000740000000, 0x0000000800000000)
  region size 1024K, 2 young (2048K), 2 survivors (2048K)
 Metaspace       used 105183K, capacity 106434K, committed 111056K, reserved 1144832K
  class space    used 13601K, capacity 14066K, committed 15768K, reserved 1048576K
}
Event: 284857.861 GC heap before
{Heap before GC invocations=5456 (full 353):
 garbage-first heap   total 362496K, used 234903K [0x0000000740000000, 0x0000000800000000)
  region size 1024K, 60 young (61440K), 2 survivors (2048K)
 Metaspace       used 105183K, capacity 106434K, committed 111056K, reserved 1144832K
  class space    used 13601K, capacity 14066K, committed 15768K, reserved 1048576K
}
Event: 284857.863 GC heap after
{Heap after GC invocations=5457 (full 353):
 garbage-first heap   total 362496K, used 175502K [0x0000000740000000, 0x0000000800000000)
  region size 1024K, 2 young (2048K), 2 survivors (2048K)
 Metaspace       used 105183K, capacity 106434K, committed 111056K, reserved 1144832K
  class space    used 13601K, capacity 14066K, committed 15768K, reserved 1048576K
}
Event: 284869.700 GC heap before
{Heap before GC invocations=5457 (full 353):
 garbage-first heap   total 362496K, used 234894K [0x0000000740000000, 0x0000000800000000)
  region size 1024K, 60 young (61440K), 2 survivors (2048K)
 Metaspace       used 105413K, capacity 106733K, committed 111056K, reserved 1144832K
  class space    used 13661K, capacity 14171K, committed 15768K, reserved 1048576K
}
Event: 284869.703 GC heap after
{Heap after GC invocations=5458 (full 353):
 garbage-first heap   total 362496K, used 176244K [0x0000000740000000, 0x0000000800000000)
  region size 1024K, 3 young (3072K), 3 survivors (3072K)
 Metaspace       used 105413K, capacity 106733K, committed 111056K, reserved 1144832K
  class space    used 13661K, capacity 14171K, committed 15768K, reserved 1048576K
}

Deoptimization events (10 events):
Event: 284246.654 Thread 0x0000028e3642e000 Uncommon trap: reason=unstable_if action=reinterpret pc=0x0000028e628b3eac method=javax.swing.JLayeredPane.validateOptimizedDrawing()V @ 54 c2
Event: 284249.230 Thread 0x0000028e3642e000 Uncommon trap: reason=class_check action=maybe_recompile pc=0x0000028e61651760 method=java.awt.Container.getMouseEventTargetImpl(IIZLjava/awt/Container$EventTargetFilter;ZZ)Ljava/awt/Component; @ 64 c2
Event: 284255.205 Thread 0x0000028e3642e000 Uncommon trap: reason=unstable_if action=reinterpret pc=0x0000028e623d8d30 method=java.awt.Container$MouseEventTargetFilter.accept(Ljava/awt/Component;)Z @ 57 c2
Event: 284435.757 Thread 0x0000028e3642e000 Uncommon trap: reason=unstable_if action=reinterpret pc=0x0000028e61adc85c method=ui.views.U.a.J.kyX()Z @ 26 c2
Event: 284435.761 Thread 0x0000028e3642e000 Uncommon trap: reason=unstable_if action=reinterpret pc=0x0000028e60ff6bac method=com.jidesoft.editor.CodeEditor.b(Z)Z @ 19 c2
Event: 284781.012 Thread 0x0000028e3642e000 Uncommon trap: reason=class_check action=maybe_recompile pc=0x0000028e60f749f4 method=javax.swing.UIDefaults.getColor(Ljava/lang/Object;)Ljava/awt/Color; @ 2 c2
Event: 284781.012 Thread 0x0000028e3642e000 Uncommon trap: reason=class_check action=maybe_recompile pc=0x0000028e621ac490 method=ui.utils.swing.o.B.getPreferredSize()Ljava/awt/Dimension; @ 11 c2
Event: 284803.889 Thread 0x0000028e3642e000 Uncommon trap: reason=class_check action=maybe_recompile pc=0x0000028e6284a4d8 method=ui.utils.lnf.z.paint(Ljavax/swing/JComponent;Ljava/awt/Graphics;Ljava/awt/Rectangle;II)V @ 25 c2
Event: 284803.890 Thread 0x0000028e3642e000 Uncommon trap: reason=class_check action=maybe_recompile pc=0x0000028e61d3dce8 method=javax.swing.text.PlainView.paint(Ljava/awt/Graphics;Ljava/awt/Shape;)V @ 4 c2
Event: 284864.665 Thread 0x0000028e3642e000 Uncommon trap: reason=unstable_if action=reinterpret pc=0x0000028e61b74f5c method=com.jidesoft.docking.DefaultDockingManager.handleEvent(Ljava/awt/AWTEvent;)Z @ 584 c2

Classes redefined (0 events):
No events

Internal exceptions (10 events):
Event: 283968.953 Thread 0x0000028e3642e000 Exception <a 'java/io/FileNotFoundException'{0x00000007555aa518}> (0x00000007555aa518) thrown at [t:/workspace/open/src/hotspot/share/prims/jni.cpp, line 615]
Event: 283973.954 Thread 0x0000028e3642e000 Exception <a 'java/io/FileNotFoundException'{0x0000000754deae70}> (0x0000000754deae70) thrown at [t:/workspace/open/src/hotspot/share/prims/jni.cpp, line 615]
Event: 283978.954 Thread 0x0000028e3642e000 Exception <a 'java/io/FileNotFoundException'{0x00000007543b61b8}> (0x00000007543b61b8) thrown at [t:/workspace/open/src/hotspot/share/prims/jni.cpp, line 615]
Event: 283983.954 Thread 0x0000028e3642e000 Exception <a 'java/io/FileNotFoundException'{0x0000000753bf4028}> (0x0000000753bf4028) thrown at [t:/workspace/open/src/hotspot/share/prims/jni.cpp, line 615]
Event: 283988.956 Thread 0x0000028e3642e000 Exception <a 'java/io/FileNotFoundException'{0x00000007530b9bf0}> (0x00000007530b9bf0) thrown at [t:/workspace/open/src/hotspot/share/prims/jni.cpp, line 615]
Event: 283993.958 Thread 0x0000028e3642e000 Exception <a 'java/io/FileNotFoundException'{0x00000007561dae00}> (0x00000007561dae00) thrown at [t:/workspace/open/src/hotspot/share/prims/jni.cpp, line 615]
Event: 283998.959 Thread 0x0000028e3642e000 Exception <a 'java/io/FileNotFoundException'{0x0000000755882348}> (0x0000000755882348) thrown at [t:/workspace/open/src/hotspot/share/prims/jni.cpp, line 615]
Event: 284139.942 Thread 0x0000028ecf0c3000 Exception <a 'java/lang/InterruptedException'{0x0000000754e09c28}: sleep interrupted> (0x0000000754e09c28) thrown at [t:/workspace/open/src/hotspot/share/prims/jvm.cpp, line 3091]
Event: 284836.395 Thread 0x0000028ecf0c3000 Exception <a 'java/lang/InterruptedException'{0x0000000755701ad8}: sleep interrupted> (0x0000000755701ad8) thrown at [t:/workspace/open/src/hotspot/share/prims/jvm.cpp, line 3091]
Event: 284868.720 Thread 0x0000028e3642e000 Exception <a 'java/lang/NoSuchMethodError'{0x00000007530c48b0}: java.lang.invoke.DelegatingMethodHandle$Holder.reinvoke_L(Ljava/lang/Object;IILjava/lang/Object;Ljava/lang/Object;Ljava/lang/Object;Ljava/lang/Object;Ljava/lang/Object;)Ljava/lang/Object;> (0

Events (10 events):
Event: 284869.642 loading class ui/dlg/i/f/aG
Event: 284869.642 loading class ui/dlg/i/f/aG done
Event: 284869.666 Thread 0x0000028ecf0bf000 Thread added: 0x0000028ecf0bf000
Event: 284869.700 Executing VM operation: G1CollectForAllocation
Event: 284869.703 Executing VM operation: G1CollectForAllocation done
Event: 284870.098 Thread 0x0000028ecf0c8000 Thread added: 0x0000028ecf0c8000
Event: 284870.107 Executing VM operation: RevokeBias
Event: 284870.108 Executing VM operation: RevokeBias done
Event: 284870.166 loading class ui/data/z
Event: 284870.166 loading class ui/data/z done


Dynamic libraries:
0x00007ff6a95f0000 - 0x00007ff6a9621000 	D:\Vivado\2020.2\bin\unwrapped\win64.o\vivado.exe
0x00007ffca3c30000 - 0x00007ffca3e25000 	C:\WINDOWS\SYSTEM32\ntdll.dll
0x00007ffca2890000 - 0x00007ffca294e000 	C:\WINDOWS\System32\KERNEL32.DLL
0x00007ffca19b0000 - 0x00007ffca1c78000 	C:\WINDOWS\System32\KERNELBASE.dll
0x00007ffca1560000 - 0x00007ffca1660000 	C:\WINDOWS\System32\ucrtbase.dll
0x00007ffc905c0000 - 0x00007ffc905db000 	C:\WINDOWS\SYSTEM32\VCRUNTIME140.dll
0x00007ffc71b60000 - 0x00007ffc71bed000 	C:\WINDOWS\SYSTEM32\MSVCP140.dll
0x00007ffc5fdf0000 - 0x00007ffc60f72000 	D:\Vivado\2020.2\lib\win64.o\librdi_common.dll
0x00007ffc9b290000 - 0x00007ffc9b2a8000 	D:\Vivado\2020.2\lib\win64.o\librdi_commonmain.dll
0x00007ffca1c80000 - 0x00007ffca1e21000 	C:\WINDOWS\System32\USER32.dll
0x00007ffca1530000 - 0x00007ffca1552000 	C:\WINDOWS\System32\win32u.dll
0x00007ffca2b20000 - 0x00007ffca2b4b000 	C:\WINDOWS\System32\GDI32.dll
0x00007ffc9b240000 - 0x00007ffc9b24c000 	C:\WINDOWS\SYSTEM32\VCRUNTIME140_1.dll
0x00007ffca1380000 - 0x00007ffca148b000 	C:\WINDOWS\System32\gdi32full.dll
0x00007ffca1490000 - 0x00007ffca152d000 	C:\WINDOWS\System32\msvcp_win.dll
0x00007ffc9bdb0000 - 0x00007ffc9bdb9000 	D:\Vivado\2020.2\lib\win64.o\librdi_commonversion.dll
0x00007ffca2570000 - 0x00007ffca261c000 	C:\WINDOWS\System32\ADVAPI32.dll
0x00007ffca2950000 - 0x00007ffca29ee000 	C:\WINDOWS\System32\msvcrt.dll
0x00007ffc819d0000 - 0x00007ffc819f2000 	D:\Vivado\2020.2\lib\win64.o\libboost_filesystem.dll
0x00007ffca2eb0000 - 0x00007ffca2f4b000 	C:\WINDOWS\System32\sechost.dll
0x00007ffca29f0000 - 0x00007ffca2b1a000 	C:\WINDOWS\System32\RPCRT4.dll
0x00007ffca1e30000 - 0x00007ffca256f000 	C:\WINDOWS\System32\SHELL32.dll
0x00007ffc72250000 - 0x00007ffc723e9000 	D:\Vivado\2020.2\lib\win64.o\librdi_commonxillic.dll
0x00007ffc663a0000 - 0x00007ffc6670e000 	D:\Vivado\2020.2\lib\win64.o\libCOIN-all.dll
0x00007ffca3880000 - 0x00007ffca38eb000 	C:\WINDOWS\System32\WS2_32.dll
0x00007ffca1350000 - 0x00007ffca1377000 	C:\WINDOWS\System32\bcrypt.dll
0x0000000062be0000 - 0x0000000062d0b000 	D:\Vivado\2020.2\lib\win64.o\tcl85t.dll
0x00007ffc9b0c0000 - 0x00007ffc9b0d0000 	D:\Vivado\2020.2\lib\win64.o\libboost_date_time.dll
0x00007ffc72500000 - 0x00007ffc72611000 	D:\Vivado\2020.2\lib\win64.o\libboost_regex.dll
0x00007ffc73070000 - 0x00007ffc730e3000 	D:\Vivado\2020.2\lib\win64.o\libboost_program_options.dll
0x00007ffc9b3e0000 - 0x00007ffc9b3e9000 	D:\Vivado\2020.2\lib\win64.o\libboost_system.dll
0x00007ffc903b0000 - 0x00007ffc903ce000 	D:\Vivado\2020.2\lib\win64.o\libboost_thread.dll
0x00007ffc9b050000 - 0x00007ffc9b05c000 	D:\Vivado\2020.2\lib\win64.o\libboost_xilinx.dll
0x00007ffc71bf0000 - 0x00007ffc71c72000 	D:\Vivado\2020.2\lib\win64.o\libhdlpsolve.dll
0x00007ffc71540000 - 0x00007ffc715e5000 	D:\Vivado\2020.2\lib\win64.o\libhdxml.dll
0x00007ffc5a5a0000 - 0x00007ffc5b392600 	D:\Vivado\2020.2\lib\win64.o\libisl_iostreams.dll
0x00007ffc7fa10000 - 0x00007ffc7fa38000 	D:\Vivado\2020.2\lib\win64.o\libisl_sysinfo.dll
0x00007ffc71f90000 - 0x00007ffc71ff5000 	D:\Vivado\2020.2\lib\win64.o\liblmx6.0.dll
0x00007ffc8d170000 - 0x00007ffc8d18a000 	D:\Vivado\2020.2\lib\win64.o\pthreadVC2.dll
0x00007ffc8cad0000 - 0x00007ffc8caec000 	D:\Vivado\2020.2\lib\win64.o\librdiconfig.dll
0x00007ffca3b20000 - 0x00007ffca3b75000 	C:\WINDOWS\System32\SHLWAPI.dll
0x00007ffc72f30000 - 0x00007ffc72f51000 	D:\Vivado\2020.2\lib\win64.o\librdizlib.dll
0x0000000012000000 - 0x0000000012270000 	D:\Vivado\2020.2\lib\win64.o\xerces-c_3_1.dll
0x00007ffc98ea0000 - 0x00007ffc98eb8000 	C:\WINDOWS\SYSTEM32\NETAPI32.dll
0x00007ffc8b020000 - 0x00007ffc8b4f8000 	C:\WINDOWS\SYSTEM32\WININET.dll
0x00007ffc9a1f0000 - 0x00007ffc9a2fc000 	C:\WINDOWS\SYSTEM32\WINHTTP.dll
0x00007ffc976d0000 - 0x00007ffc978bb000 	C:\WINDOWS\SYSTEM32\urlmon.dll
0x00007ffc9b0d0000 - 0x00007ffc9b0d9000 	C:\WINDOWS\SYSTEM32\WSOCK32.dll
0x00007ffc5bd50000 - 0x00007ffc5dc67000 	D:\Vivado\2020.2\lib\win64.o\gurobi90.dll
0x00007ffc724d0000 - 0x00007ffc724f7000 	C:\WINDOWS\SYSTEM32\VCOMP140.DLL
0x00007ffca1740000 - 0x00007ffca1896000 	C:\WINDOWS\System32\CRYPT32.dll
0x00007ffca3a10000 - 0x00007ffca3a66000 	C:\WINDOWS\System32\WLDAP32.dll
0x00007ffca27f0000 - 0x00007ffca27f8000 	C:\WINDOWS\System32\Normaliz.dll
0x00007ffc6a3c0000 - 0x00007ffc6a69b000 	D:\Vivado\2020.2\lib\win64.o\libXil_lmgr11.dll
0x00007ffca31f0000 - 0x00007ffca32ca000 	C:\WINDOWS\System32\COMDLG32.dll
0x00007ffca2b50000 - 0x00007ffca2ea5000 	C:\WINDOWS\System32\combase.dll
0x00007ffc89760000 - 0x00007ffc89776000 	D:\Vivado\2020.2\lib\win64.o\libboost_iostreams.dll
0x00007ffca3140000 - 0x00007ffca31ed000 	C:\WINDOWS\System32\shcore.dll
0x00007ffc97ca0000 - 0x00007ffc97cac000 	D:\Vivado\2020.2\lib\win64.o\libboost_chrono.dll
0x00007ffca2f50000 - 0x00007ffca301d000 	C:\WINDOWS\System32\OLEAUT32.dll
0x00007ffc71490000 - 0x00007ffc714b3000 	D:\Vivado\2020.2\lib\win64.o\libisl_iosutils.dll
0x00007ffca3750000 - 0x00007ffca387a000 	C:\WINDOWS\System32\ole32.dll
0x00007ffca1950000 - 0x00007ffca19b0000 	C:\WINDOWS\System32\WINTRUST.dll
0x00007ffca0830000 - 0x00007ffca083c000 	C:\WINDOWS\SYSTEM32\netutils.dll
0x00007ffc97090000 - 0x00007ffc97340000 	C:\WINDOWS\SYSTEM32\iertutil.dll
0x00007ffc97e10000 - 0x00007ffc97e38000 	C:\WINDOWS\SYSTEM32\srvcli.dll
0x00007ffc913c0000 - 0x00007ffc91470000 	C:\WINDOWS\WinSxS\amd64_microsoft.windows.common-controls_6595b64144ccf1df_5.82.19041.1110_none_792d1c772443f647\COMCTL32.dll
0x00007ffc9c2d0000 - 0x00007ffc9c2ed000 	C:\WINDOWS\SYSTEM32\dhcpcsvc.DLL
0x00007ffca0a30000 - 0x00007ffca0a9a000 	C:\WINDOWS\SYSTEM32\MSWSOCK.DLL
0x00007ffca38f0000 - 0x00007ffca3920000 	C:\WINDOWS\System32\IMM32.DLL
0x00007ffca0e60000 - 0x00007ffca0e72000 	C:\WINDOWS\SYSTEM32\MSASN1.dll
0x00007ffc9f270000 - 0x00007ffc9f282000 	C:\WINDOWS\SYSTEM32\kernel.appcore.dll
0x00007ffc6baa0000 - 0x00007ffc6bfc4000 	D:\Vivado\2020.2\lib\win64.o\librdi_commontasks.dll
0x00007ffc98de0000 - 0x00007ffc98dea000 	C:\WINDOWS\SYSTEM32\VERSION.dll
0x00007ffc72690000 - 0x00007ffc72965000 	D:\Vivado\2020.2\lib\win64.o\librdi_sio.dll
0x00007ffca0720000 - 0x00007ffca075b000 	C:\WINDOWS\SYSTEM32\IPHLPAPI.DLL
0x00007ffc5f2c0000 - 0x00007ffc5fde3000 	D:\Vivado\2020.2\tps\win64\jre11.0.2\bin\server\jvm.dll
0x00007ffca3b80000 - 0x00007ffca3b88000 	C:\WINDOWS\System32\PSAPI.DLL
0x00007ffc90ef0000 - 0x00007ffc90f17000 	C:\WINDOWS\SYSTEM32\WINMM.dll
0x00007ffc9f470000 - 0x00007ffc9fc00000 	C:\WINDOWS\SYSTEM32\windows.storage.dll
0x00007ffca0cd0000 - 0x00007ffca0cfe000 	C:\WINDOWS\SYSTEM32\Wldp.dll
0x00007ffc4dd10000 - 0x00007ffc507d0000 	D:\Vivado\2020.2\lib\win64.o\librdi_tcltasks.dll
0x00007ffc8d1a0000 - 0x00007ffc8d21e000 	D:\Vivado\2020.2\lib\win64.o\librdi_boarddep.dll
0x00007ffc731d0000 - 0x00007ffc73384000 	D:\Vivado\2020.2\lib\win64.o\librdi_board.dll
0x00007ffc65ef0000 - 0x00007ffc66396000 	D:\Vivado\2020.2\lib\win64.o\librdi_bitstream.dll
0x00007ffc6f2f0000 - 0x00007ffc6f4da000 	D:\Vivado\2020.2\lib\win64.o\librdi_chipscopeimpl.dll
0x00007ffc4bee0000 - 0x00007ffc4dd0e000 	D:\Vivado\2020.2\lib\win64.o\librdi_constraints.dll
0x00007ffc6f010000 - 0x00007ffc6f171000 	D:\Vivado\2020.2\lib\win64.o\librdi_containers.dll
0x00007ffc49af0000 - 0x00007ffc4bed6000 	D:\Vivado\2020.2\lib\win64.o\librdi_coregen.dll
0x00007ffc47d40000 - 0x00007ffc49ae4000 	D:\Vivado\2020.2\lib\win64.o\librdi_designutils.dll
0x00007ffc5b630000 - 0x00007ffc5bd48000 	D:\Vivado\2020.2\lib\win64.o\librdi_coregenipxact.dll
0x00007ffc73110000 - 0x00007ffc731c3000 	D:\Vivado\2020.2\lib\win64.o\librdi_dsp.dll
0x00007ffc6c500000 - 0x00007ffc6c868000 	D:\Vivado\2020.2\lib\win64.o\librdi_dlyest.dll
0x00007ffc5ec60000 - 0x00007ffc5f2bd000 	D:\Vivado\2020.2\lib\win64.o\librdi_drc.dll
0x00007ffc8cef0000 - 0x00007ffc8cf5b000 	D:\Vivado\2020.2\lib\win64.o\librdi_hdf.dll
0x00007ffc5e610000 - 0x00007ffc5e92d000 	D:\Vivado\2020.2\lib\win64.o\librdi_guitools.dll
0x00007ffc59ed0000 - 0x00007ffc5a595000 	D:\Vivado\2020.2\lib\win64.o\librdi_filemgmt.dll
0x00007ffc6d5c0000 - 0x00007ffc6d707000 	D:\Vivado\2020.2\lib\win64.o\librdi_hip_perf_analysis.dll
0x00007ffc5ddd0000 - 0x00007ffc5e047000 	D:\Vivado\2020.2\lib\win64.o\librdi_hip_devdesign.dll
0x00007ffc72f60000 - 0x00007ffc72fd2000 	D:\Vivado\2020.2\lib\win64.o\librdi_memoryarray.dll
0x00007ffc59880000 - 0x00007ffc59ecc000 	D:\Vivado\2020.2\lib\win64.o\librdi_memdata.dll
0x00007ffc46160000 - 0x00007ffc47d37000 	D:\Vivado\2020.2\lib\win64.o\librdi_implflow.dll
0x00007ffc8f2e0000 - 0x00007ffc8f334000 	D:\Vivado\2020.2\lib\win64.o\librdi_pfi.dll
0x00007ffc14a60000 - 0x00007ffc16ea5000 	D:\Vivado\2020.2\lib\win64.o\librdi_mig.dll
0x00007ffc59150000 - 0x00007ffc5987c000 	D:\Vivado\2020.2\lib\win64.o\librdi_netlist.dll
0x00007ffc588a0000 - 0x00007ffc58c3e000 	D:\Vivado\2020.2\lib\win64.o\librdi_platform.dll
0x00007ffc11850000 - 0x00007ffc14a57000 	D:\Vivado\2020.2\lib\win64.o\librdi_place.dll
0x00007ffc53b60000 - 0x00007ffc543b5000 	D:\Vivado\2020.2\lib\win64.o\librdi_power.dll
0x00007ffc57b10000 - 0x00007ffc58186000 	D:\Vivado\2020.2\lib\win64.o\librdi_project.dll
0x00007ffc55630000 - 0x00007ffc55d52000 	D:\Vivado\2020.2\lib\win64.o\librdi_psta.dll
0x00007ffc53350000 - 0x00007ffc53b5d000 	D:\Vivado\2020.2\lib\win64.o\librdi_rsb.dll
0x00007ffc56090000 - 0x00007ffc565bc000 	D:\Vivado\2020.2\lib\win64.o\librdi_runs.dll
0x00007ffc6b030000 - 0x00007ffc6b126000 	D:\Vivado\2020.2\lib\win64.o\librdi_chipscope.dll
0x00007ffc6b990000 - 0x00007ffc6ba99000 	D:\Vivado\2020.2\lib\win64.o\librdi_runsbase.dll
0x00007ffc58620000 - 0x00007ffc58894000 	D:\Vivado\2020.2\lib\win64.o\librdi_simdata.dll
0x00007ffc72420000 - 0x00007ffc724c7000 	D:\Vivado\2020.2\lib\win64.o\librdi_xhubtasks.dll
0x00007ffc51790000 - 0x00007ffc52713000 	D:\Vivado\2020.2\lib\win64.o\librdi_timing.dll
0x00007ffc68f90000 - 0x00007ffc690a6000 	D:\Vivado\2020.2\lib\win64.o\librdi_xhub.dll
0x00007ffc900f0000 - 0x00007ffc90137000 	D:\Vivado\2020.2\lib\win64.o\libboost_serialization.dll
0x00007ffc16eb0000 - 0x00007ffc2f490000 	D:\Vivado\2020.2\lib\win64.o\librdi_device.dll
0x00007ffc6a2d0000 - 0x00007ffc6a3bb000 	D:\Vivado\2020.2\lib\win64.o\librdi_ipconfig_readwrite.dll
0x00007ffc713c0000 - 0x00007ffc71486000 	D:\Vivado\2020.2\lib\win64.o\librdi_bda.dll
0x00007ffc8cb10000 - 0x00007ffc8cb56000 	D:\Vivado\2020.2\lib\win64.o\libboost_graph.dll
0x00007ffc51000000 - 0x00007ffc5178a000 	D:\Vivado\2020.2\lib\win64.o\librdi_ippcw.dll
0x00007ffc7d1b0000 - 0x00007ffc7d21a000 	D:\Vivado\2020.2\lib\win64.o\librdi_noc_frameworks.dll
0x00007ffc45600000 - 0x00007ffc46156000 	D:\Vivado\2020.2\lib\win64.o\libverific.dll
0x00007ffc57440000 - 0x00007ffc5773b000 	D:\Vivado\2020.2\lib\win64.o\librdi_hip_config.dll
0x00007ffc11300000 - 0x00007ffc1184e000 	D:\Vivado\2020.2\lib\win64.o\librdi_xdm.dll

dbghelp: loaded successfully - version: 4.0.5 - missing functions: none
symbol engine: initialized successfully - sym options: 0x614 - pdb path: .;D:\Vivado\2020.2\bin\unwrapped\win64.o;C:\WINDOWS\SYSTEM32;D:\Vivado\2020.2\lib\win64.o;C:\WINDOWS\WinSxS\amd64_microsoft.windows.common-controls_6595b64144ccf1df_5.82.19041.1110_none_792d1c772443f647;D:\Vivado\2020.2\tps\win64\jre11.0.2\bin\server;D:\Vivado\2020.2\tps\win64\python-3.8.3;D:\Vivado\2020.2\tps\win64\jre11.0.2\bin;C:\WINDOWS\WinSxS\amd64_microsoft.windows.common-controls_6595b64144ccf1df_6.0.19041.1110_none_60b5254171f9507e;C:\Windows\System32\IME\IMEKR;C:\Windows\System32\IME\shared;C:\ProgramData\Microsoft\Windows Defender\Platform\4.18.2111.5-0;C:\Windows\HancomIME\x64

VM Arguments:
jvm_args: -Dsun.java2d.pmoffscreen=false -Dhttps.protocols=TLSv1,TLSv1.1,TLSv1.2 -Dsun.java2d.xrender=false -Dsun.java2d.d3d=false -Dsun.awt.nopixfmt=true -Dsun.java2d.dpiaware=true -Dsun.java2d.uiScale.enabled=false -Xverify:none -Dswing.aatext=true -XX:-UsePerfData -Djdk.map.althashing.threshold=512 -XX:StringTableSize=4072 --add-opens=java.base/java.nio=ALL-UNNAMED --add-opens=java.desktop/sun.swing=ALL-UNNAMED --add-opens=java.desktop/javax.swing=ALL-UNNAMED --add-opens=java.desktop/javax.swing.tree=ALL-UNNAMED --add-opens=java.desktop/javax.swing.plaf.basic=ALL-UNNAMED --add-opens=java.desktop/javax.swing.plaf.synth=ALL-UNNAMED --add-opens=java.desktop/com.sun.awt=ALL-UNNAMED -XX:NewSize=60m -XX:MaxNewSize=60m -Xms128m -Xmx3072m -Xss5m 
java_command: <unknown>
java_class_path (initial): D:/Vivado/2020.2\lib\classes\alloy.jar;D:/Vivado/2020.2\lib\classes\ArchiveSummary.jar;D:/Vivado/2020.2\lib\classes\autoesl-models.jar;D:/Vivado/2020.2\lib\classes\autopilot.scelaborator.jar;D:/Vivado/2020.2\lib\classes\autopilot.sourceprocessor.jar;D:/Vivado/2020.2\lib\classes\autopilot.tbprocessor.jar;D:/Vivado/2020.2\lib\classes\batik-anim.jar;D:/Vivado/2020.2\lib\classes\batik-awt-util.jar;D:/Vivado/2020.2\lib\classes\batik-bridge.jar;D:/Vivado/2020.2\lib\classes\batik-codec.jar;D:/Vivado/2020.2\lib\classes\batik-css.jar;D:/Vivado/2020.2\lib\classes\batik-dom.jar;D:/Vivado/2020.2\lib\classes\batik-ext.jar;D:/Vivado/2020.2\lib\classes\batik-gui-util.jar;D:/Vivado/2020.2\lib\classes\batik-gvt.jar;D:/Vivado/2020.2\lib\classes\batik-parser.jar;D:/Vivado/2020.2\lib\classes\batik-script.jar;D:/Vivado/2020.2\lib\classes\batik-svg-dom.jar;D:/Vivado/2020.2\lib\classes\batik-swing.jar;D:/Vivado/2020.2\lib\classes\batik-transcoder.jar;D:/Vivado/2020.2\lib\classes\batik-util.jar;D:/Vivado/2020.2\lib\classes\batik-xml.jar;D:/Vivado/2020.2\lib\classes\com.google.gson_2.8.2.v20180104-1110.jar;D:/Vivado/2020.2\lib\classes\com.google.guava_27.1.0.v20190517-1946.jar;D:/Vivado/2020.2\lib\classes\com.ibm.icu_4.4.2.v20110208.jar;D:/Vivado/2020.2\lib\classes\com.sigasi.hdt.connection_4.9.0.202009050929.jar;D:/Vivado/2020.2\lib\classes\com.sigasi.hdt.epl_4.9.0.202009050929.jar;D:/Vivado/2020.2\lib\classes\com.sigasi.hdt.project_4.9.0.202009050929.jar;D:/Vivado/2020.2\lib\classes\com.sigasi.hdt.readonlyfilesystem_4.9.0.202009050929.jar;D:/Vivado/2020.2\lib\classes\com.sigasi.lcm_4.9.0.202009050929.jar;D:/Vivado/2020.2\lib\classes\com.sigasi.sdk.client_4.9.0.202009050929.jar;D:/Vivado/2020.2\lib\classes\com.xilinx.hls.services.jar;D:/Vivado/2020.2\lib\classes\commons-collections4-4.1.jar;D:/Vivado/2020.2\lib\classes\commons-io-2.6.jar;D:/Vivado/2020.2\lib\classes\commons-math-2.2.jar;D:/Vivado/2020.2\lib\classes\Dispatch.jar;D:/Vivado/2020.2\lib\classes\Disp
Launcher Type: generic

[Global flags]
     bool BytecodeVerificationLocal                = false                                     {product} {command line}
     bool BytecodeVerificationRemote               = false                                     {product} {command line}
     intx CICompilerCount                          = 3                                         {product} {ergonomic}
     uint ConcGCThreads                            = 1                                         {product} {ergonomic}
     uint G1ConcRefinementThreads                  = 4                                         {product} {ergonomic}
   size_t G1HeapRegionSize                         = 1048576                                   {product} {ergonomic}
    uintx GCDrainStackTargetSize                   = 64                                        {product} {ergonomic}
   size_t InitialHeapSize                          = 134217728                                 {product} {command line}
   size_t MarkStackSize                            = 4194304                                   {product} {ergonomic}
   size_t MaxHeapSize                              = 3221225472                                {product} {command line}
   size_t MaxNewSize                               = 62914560                                  {product} {command line}
   size_t MinHeapDeltaBytes                        = 1048576                                   {product} {ergonomic}
   size_t NewSize                                  = 62914560                                  {product} {command line}
    uintx NonNMethodCodeHeapSize                   = 5830092                                {pd product} {ergonomic}
    uintx NonProfiledCodeHeapSize                  = 122914074                              {pd product} {ergonomic}
    uintx ProfiledCodeHeapSize                     = 122914074                              {pd product} {ergonomic}
    uintx ReservedCodeCacheSize                    = 251658240                              {pd product} {ergonomic}
     bool SegmentedCodeCache                       = true                                      {product} {ergonomic}
    uintx StringTableSize                          = 4072                                      {product} {command line}
     intx ThreadStackSize                          = 5120                                   {pd product} {command line}
     bool UseCompressedClassPointers               = true                                 {lp64_product} {ergonomic}
     bool UseCompressedOops                        = true                                 {lp64_product} {ergonomic}
     bool UseG1GC                                  = true                                      {product} {ergonomic}
     bool UseLargePagesIndividualAllocation        = false                                  {pd product} {ergonomic}
     bool UsePerfData                              = false                                     {product} {command line}

Logging:
Log output configuration:
 #0: stdout all=warning uptime,level,tags
 #1: stderr all=off uptime,level,tags

Environment Variables:
PATH=D:/Vivado/2020.2\gnuwin\bin;D:/Vivado/2020.2\gnu\microblaze\nt\bin;D:/Vivado/2020.2/bin;D:/Vivado/2020.2/tps/win64/javafx-sdk-11.0.2/lib;D:/Vivado/2020.2/tps/win64/javafx-sdk-11.0.2/bin;D:/Vivado/2020.2/lib/win64.o;D:/Vivado/2020.2/tps/win64/jre11.0.2/bin/server;D:/Vivado/2020.2/tps/win64/jre11.0.2/bin;D:/Vitis/2020.2/bin;D:/Vivado/2020.2/ids_lite/ISE/bin/nt64;D:/Vivado/2020.2/ids_lite/ISE/lib/nt64;D:/Vitis_HLS/2020.2/bin;C:\WINDOWS\system32;C:\WINDOWS;C:\WINDOWS\System32\Wbem;C:\WINDOWS\System32\WindowsPowerShell\v1.0\;C:\WINDOWS\System32\OpenSSH\;C:\Users\user\AppData\Local\Microsoft\WindowsApps;C:\Program Files\Bandizip\;C:\altera\15.0\modelsim_ase\win32aloem;;D:/Vivado/2020.2\tps\mingw\6.2.0\win64.o\nt\bin;D:/Vivado/2020.2\tps\mingw\6.2.0\win64.o\nt\libexec\gcc\x86_64-w64-mingw32\6.2.0;D:/Vivado/2020.2\tps\win64\python-3.8.3;D:/Vivado/2020.2\tps\win64\python-3.8.3\bin;D:/Vivado/2020.2\tps\win64\python-3.8.3\lib;D:/Vivado/2020.2\tps\win64\python-3.8.3\lib\site-packages
USERNAME=user
OS=Windows_NT
PROCESSOR_IDENTIFIER=Intel64 Family 6 Model 58 Stepping 9, GenuineIntel



---------------  S Y S T E M  ---------------

OS: Windows 10 , 64 bit Build 19041 (10.0.19041.1348)

CPU:total 4 (initial active 4) (4 cores per cpu, 1 threads per core) family 6 model 58 stepping 9, cmov, cx8, fxsr, mmx, sse, sse2, sse3, ssse3, sse4.1, sse4.2, popcnt, avx, aes, clmul, erms, tsc, tscinvbit, tscinv

Memory: 4k page, system-wide physical 6020M (2317M free)
TotalPageFile size 15485M (AvailPageFile size 3203M)
current process WorkingSet (physical memory assigned to process): 571M, peak: 3312M
current process commit charge ("private bytes"): 3871M, peak: 4040M

vm_info: OpenJDK 64-Bit Server VM (11.0.2+9) for windows-amd64 JRE (11.0.2+9), built on Jan 18 2019 05:23:22 by "mach5one" with MS VC++ 15.5 (VS2017)

END.
