15:38:29 INFO  : Launching XSCT server: xsct.bat -n  -interactive C:\Users\user\Desktop\final_project\project_2\temp_xsdb_launch_script.tcl
15:38:30 INFO  : Registering command handlers for Vitis TCF services
15:38:37 INFO  : XSCT server has started successfully.
15:38:37 INFO  : plnx-install-location is set to ''
15:38:37 INFO  : Successfully done setting XSCT server connection channel  
15:38:41 INFO  : Platform repository initialization has completed.
15:38:45 INFO  : Successfully done setting workspace for the tool. 
15:38:45 INFO  : Successfully done query RDI_DATADIR 
16:03:47 INFO  : Result from executing command 'getProjects': top
16:03:47 INFO  : Result from executing command 'getPlatforms': 
16:03:47 WARN  : An unexpected exception occurred in the module 'platform project logging'
16:03:48 INFO  : Platform 'top' is added to custom repositories.
16:04:05 INFO  : Platform 'top' is added to custom repositories.
16:05:39 INFO  : Result from executing command 'getProjects': top
16:05:39 INFO  : Result from executing command 'getPlatforms': top|C:/Users/user/Desktop/final_project/project_2/top/export/top/top.xpfm
16:05:41 INFO  : Checking for BSP changes to sync application flags for project 'final_project'...
16:06:06 INFO  : Connected to target on host '127.0.0.1' and port '3121'.
16:06:07 INFO  : Jtag cable 'Xilinx TUL 1234-tulA' is selected.
16:06:07 INFO  : 'jtag frequency' command is executed.
16:06:07 INFO  : Context for 'APU' is selected.
16:06:07 INFO  : System reset is completed.
16:06:10 INFO  : 'after 3000' command is executed.
16:06:10 INFO  : 'targets -set -filter {jtag_cable_name =~ "Xilinx TUL 1234-tulA" && level==0 && jtag_device_ctx=="jsn-TUL-1234-tulA-23727093-0"}' command is executed.
16:06:13 INFO  : Device configured successfully with "C:/Users/user/Desktop/final_project/project_2/final_project/_ide/bitstream/top.bit"
16:06:13 INFO  : Context for 'APU' is selected.
16:06:13 INFO  : Hardware design and registers information is loaded from 'C:/Users/user/Desktop/final_project/project_2/top/export/top/hw/top.xsa'.
16:06:13 INFO  : 'configparams force-mem-access 1' command is executed.
16:06:13 INFO  : Context for 'APU' is selected.
16:06:13 INFO  : Sourcing of 'C:/Users/user/Desktop/final_project/project_2/final_project/_ide/psinit/ps7_init.tcl' is done.
16:06:13 INFO  : 'ps7_init' command is executed.
16:06:13 INFO  : 'ps7_post_config' command is executed.
16:06:13 INFO  : Context for processor 'ps7_cortexa9_0' is selected.
16:06:14 INFO  : The application 'C:/Users/user/Desktop/final_project/project_2/final_project/Debug/final_project.elf' is downloaded to processor 'ps7_cortexa9_0'.
16:06:14 INFO  : 'configparams force-mem-access 0' command is executed.
16:06:14 INFO  : ----------------XSDB Script----------------
connect -url tcp:127.0.0.1:3121
targets -set -nocase -filter {name =~"APU*"}
rst -system
after 3000
targets -set -filter {jtag_cable_name =~ "Xilinx TUL 1234-tulA" && level==0 && jtag_device_ctx=="jsn-TUL-1234-tulA-23727093-0"}
fpga -file C:/Users/user/Desktop/final_project/project_2/final_project/_ide/bitstream/top.bit
targets -set -nocase -filter {name =~"APU*"}
loadhw -hw C:/Users/user/Desktop/final_project/project_2/top/export/top/hw/top.xsa -mem-ranges [list {0x40000000 0xbfffffff}] -regs
configparams force-mem-access 1
targets -set -nocase -filter {name =~"APU*"}
source C:/Users/user/Desktop/final_project/project_2/final_project/_ide/psinit/ps7_init.tcl
ps7_init
ps7_post_config
targets -set -nocase -filter {name =~ "*A9*#0"}
dow C:/Users/user/Desktop/final_project/project_2/final_project/Debug/final_project.elf
configparams force-mem-access 0
----------------End of Script----------------

16:06:14 INFO  : Context for processor 'ps7_cortexa9_0' is selected.
16:06:14 INFO  : 'con' command is executed.
16:06:14 INFO  : ----------------XSDB Script (After Launch)----------------
targets -set -nocase -filter {name =~ "*A9*#0"}
con
----------------End of Script----------------

16:06:14 INFO  : Disconnected from the channel tcfchan#2.
